/mnt/homes/home024/gortega/megdata/S10-5_Attractor_20161107_01.ds 20161107
ds directory : /mnt/homes/home024/gortega/megdata/S10-5_Attractor_20161107_01.ds
    res4 data read.
    hc data read.
    Separate EEG position data file read.
    Quaternion matching (desired vs. transformed):
       2.27   85.70    0.00 mm <->    2.27   85.70    0.00 mm (orig :  -68.40   55.41 -272.56 mm) diff =    0.000 mm
      -2.27  -85.70    0.00 mm <->   -2.27  -85.70    0.00 mm (orig :   44.06  -74.02 -270.93 mm) diff =    0.000 mm
     118.35    0.00    0.00 mm <->  118.35    0.00    0.00 mm (orig :   72.83   69.01 -246.24 mm) diff =    0.000 mm
    Coordinate transformations established.
    Polhemus data for 3 HPI coils added
    Device coordinate locations for 3 HPI coils added
    64 EEG electrode locations assigned to channel info.
    64 EEG locations added to Polhemus data.
    Measurement info composed.
Finding samples for /mnt/homes/home024/gortega/megdata/S10-5_Attractor_20161107_01.ds/S10-5_Attractor_20161107_01.meg4: 
    System clock channel is available, checking which samples are valid.
    1104 x 1200 = 1324800 samples from 405 chs
Finding samples for /mnt/homes/home024/gortega/megdata/S10-5_Attractor_20161107_01.ds/S10-5_Attractor_20161107_01.1_meg4: 
    System clock channel is available, checking which samples are valid.
    1104 x 1200 = 1324800 samples from 405 chs
Finding samples for /mnt/homes/home024/gortega/megdata/S10-5_Attractor_20161107_01.ds/S10-5_Attractor_20161107_01.2_meg4: 
    System clock channel is available, checking which samples are valid.
    130 x 1200 = 156000 samples from 405 chs
    432 samples omitted at the end
Current compensation grade : 0
get metadata from raw data
632 events found
Events id: [226 232]
7302 events found
Events id: [  2   3   4   5   6   7   8  30  40  50  60  61  62  70  80  89  91 100
 101 111 112 113 150 151]
7302 events found
Events id: [  2   3   4   5   6   7   8  30  40  50  60  61  62  70  80  89  91 100
 101 111 112 113 150 151]
getting metadata from raw data form block 0
205 events found
Events id: [226 232]
2359 events found
Events id: [  2   3   4   5   6   7   8  30  40  50  60  61  62  70  80  89  91 100
 101 111 112 113 150 151]
metadata done, preprocesing 5.0
Reading 0 ... 697626  =      0.000 ...   581.355 secs...
Setting up band-pass filter from 1.1e+02 - 1.4e+02 Hz
The default output type is "ba" in 0.13 but will change to "sos" in 0.14
Reading 0 ... 697626  =      0.000 ...   581.355 secs...
Setting up low-pass filter at 1 Hz
h_trans_bandwidth chosen to be 2.0 Hz
Filter length of 3960 samples (3.300 sec) selected
Reading 0 ... 697626  =      0.000 ...   581.355 secs...
Setting up low-pass filter at 1 Hz
h_trans_bandwidth chosen to be 2.0 Hz
Filter length of 3960 samples (3.300 sec) selected
preprocess done
98 matching events found
No baseline correction applied
0 projection items activated
98 matching events found
No baseline correction applied
0 projection items activated
Loading data for 98 events and 601 original time points ...
18 bad epochs dropped
Loading data for 98 events and 3601 original time points ...
37 bad epochs dropped
Dropped 3 epochs
block 1.0 saved
getting metadata from raw data form block 1
206 events found
Events id: [226 232]
2364 events found
Events id: [  2   3   4   5   6   7   8  30  40  50  60  61  62  70  80  89  91 100
 101 111 112 113 150 151]
metadata done, preprocesing 5.0
Reading 0 ... 744499  =      0.000 ...   620.416 secs...
Setting up band-pass filter from 1.1e+02 - 1.4e+02 Hz
The default output type is "ba" in 0.13 but will change to "sos" in 0.14
Reading 0 ... 744499  =      0.000 ...   620.416 secs...
Setting up low-pass filter at 1 Hz
h_trans_bandwidth chosen to be 2.0 Hz
Filter length of 3960 samples (3.300 sec) selected
Reading 0 ... 744499  =      0.000 ...   620.416 secs...
Setting up low-pass filter at 1 Hz
h_trans_bandwidth chosen to be 2.0 Hz
Filter length of 3960 samples (3.300 sec) selected
preprocess done
98 matching events found
No baseline correction applied
0 projection items activated
98 matching events found
No baseline correction applied
0 projection items activated
Loading data for 98 events and 601 original time points ...
8 bad epochs dropped
Loading data for 98 events and 3601 original time points ...
34 bad epochs dropped
Dropped 3 epochs
block 2.0 saved
getting metadata from raw data form block 2
219 events found
Events id: [226 232]
2576 events found
Events id: [  2   3   4   5   6   7   8  30  40  50  60  61  62  70  80  89  91 100
 101 111 112 113 150 151]
metadata done, preprocesing 5.0
Reading 0 ... 819581  =      0.000 ...   682.984 secs...
Setting up band-pass filter from 1.1e+02 - 1.4e+02 Hz
The default output type is "ba" in 0.13 but will change to "sos" in 0.14
Reading 0 ... 819581  =      0.000 ...   682.984 secs...
Setting up low-pass filter at 1 Hz
h_trans_bandwidth chosen to be 2.0 Hz
Filter length of 3960 samples (3.300 sec) selected
Reading 0 ... 819581  =      0.000 ...   682.984 secs...
Setting up low-pass filter at 1 Hz
h_trans_bandwidth chosen to be 2.0 Hz
Filter length of 3960 samples (3.300 sec) selected
preprocess done
98 matching events found
No baseline correction applied
0 projection items activated
98 matching events found
No baseline correction applied
0 projection items activated
Loading data for 98 events and 601 original time points ...
12 bad epochs dropped
Loading data for 98 events and 3601 original time points ...
31 bad epochs dropped
Dropped 3 epochs
block 3.0 saved
/mnt/homes/home024/gortega/megdata/S10-5_Attractor_20161107_02.ds 20161107
ds directory : /mnt/homes/home024/gortega/megdata/S10-5_Attractor_20161107_02.ds
    res4 data read.
    hc data read.
    Separate EEG position data file read.
    Quaternion matching (desired vs. transformed):
       2.30   86.21    0.00 mm <->    2.30   86.21    0.00 mm (orig :  -69.26   54.95 -277.09 mm) diff =    0.000 mm
      -2.30  -86.21    0.00 mm <->   -2.30  -86.21   -0.00 mm (orig :   45.26  -74.04 -277.20 mm) diff =    0.000 mm
     118.77    0.00    0.00 mm <->  118.77    0.00    0.00 mm (orig :   72.51   69.71 -251.02 mm) diff =    0.000 mm
    Coordinate transformations established.
    Polhemus data for 3 HPI coils added
    Device coordinate locations for 3 HPI coils added
    64 EEG electrode locations assigned to channel info.
    64 EEG locations added to Polhemus data.
    Measurement info composed.
Finding samples for /mnt/homes/home024/gortega/megdata/S10-5_Attractor_20161107_02.ds/S10-5_Attractor_20161107_02.meg4: 
    System clock channel is available, checking which samples are valid.
    1104 x 1200 = 1324800 samples from 405 chs
Finding samples for /mnt/homes/home024/gortega/megdata/S10-5_Attractor_20161107_02.ds/S10-5_Attractor_20161107_02.1_meg4: 
    System clock channel is available, checking which samples are valid.
    1086 x 1200 = 1303200 samples from 405 chs
    1128 samples omitted at the end
Current compensation grade : 0
get metadata from raw data
678 events found
Events id: [226 232]
7870 events found
Events id: [  1   2   3   4   5   6   7   8  30  40  50  60  61  62  70  80  89  91
 100 101 111 112 113 150 151]
7870 events found
Events id: [  1   2   3   4   5   6   7   8  30  40  50  60  61  62  70  80  89  91
 100 101 111 112 113 150 151]
getting metadata from raw data form block 0
212 events found
Events id: [226 232]
2424 events found
Events id: [  2   3   4   5   6   7   8  30  40  50  60  61  62  70  80  89  91 100
 101 111 112 113 150 151]
metadata done, preprocesing 5.0
Reading 0 ... 718481  =      0.000 ...   598.734 secs...
Setting up band-pass filter from 1.1e+02 - 1.4e+02 Hz
The default output type is "ba" in 0.13 but will change to "sos" in 0.14
Reading 0 ... 718481  =      0.000 ...   598.734 secs...
Setting up low-pass filter at 1 Hz
h_trans_bandwidth chosen to be 2.0 Hz
Filter length of 3960 samples (3.300 sec) selected
Reading 0 ... 718481  =      0.000 ...   598.734 secs...
Setting up low-pass filter at 1 Hz
h_trans_bandwidth chosen to be 2.0 Hz
Filter length of 3960 samples (3.300 sec) selected
preprocess done
99 matching events found
No baseline correction applied
0 projection items activated
99 matching events found
No baseline correction applied
0 projection items activated
Loading data for 99 events and 601 original time points ...
18 bad epochs dropped
Loading data for 99 events and 3601 original time points ...
39 bad epochs dropped
Dropped 5 epochs
block 4.0 saved
getting metadata from raw data form block 1
223 events found
Events id: [226 232]
2615 events found
Events id: [  2   3   4   5   6   7   8  30  40  50  60  61  62  70  80  89  91 100
 101 111 112 113 150 151]
metadata done, preprocesing 5.0
Reading 0 ... 781640  =      0.000 ...   651.367 secs...
Setting up band-pass filter from 1.1e+02 - 1.4e+02 Hz
The default output type is "ba" in 0.13 but will change to "sos" in 0.14
Reading 0 ... 781640  =      0.000 ...   651.367 secs...
Setting up low-pass filter at 1 Hz
h_trans_bandwidth chosen to be 2.0 Hz
Filter length of 3960 samples (3.300 sec) selected
Reading 0 ... 781640  =      0.000 ...   651.367 secs...
Setting up low-pass filter at 1 Hz
h_trans_bandwidth chosen to be 2.0 Hz
Filter length of 3960 samples (3.300 sec) selected
preprocess done
98 matching events found
No baseline correction applied
0 projection items activated
98 matching events found
No baseline correction applied
0 projection items activated
Loading data for 98 events and 601 original time points ...
9 bad epochs dropped
Loading data for 98 events and 3601 original time points ...
27 bad epochs dropped
Dropped 4 epochs
block 5.0 saved
getting metadata from raw data form block 2
243 events found
Events id: [226 232]
2828 events found
Events id: [  1   2   3   4   5   6   7   8  30  40  50  60  61  62  70  80  89  91
 100 101 111 112 113 150 151]
metadata done, preprocesing 5.0
Reading 0 ... 835160  =      0.000 ...   695.967 secs...
Setting up band-pass filter from 1.1e+02 - 1.4e+02 Hz
The default output type is "ba" in 0.13 but will change to "sos" in 0.14
Reading 0 ... 835160  =      0.000 ...   695.967 secs...
Setting up low-pass filter at 1 Hz
h_trans_bandwidth chosen to be 2.0 Hz
Filter length of 3960 samples (3.300 sec) selected
Reading 0 ... 835160  =      0.000 ...   695.967 secs...
Setting up low-pass filter at 1 Hz
h_trans_bandwidth chosen to be 2.0 Hz
Filter length of 3960 samples (3.300 sec) selected
preprocess done
103 matching events found
No baseline correction applied
0 projection items activated
103 matching events found
No baseline correction applied
0 projection items activated
Loading data for 103 events and 601 original time points ...
14 bad epochs dropped
Loading data for 103 events and 3601 original time points ...
34 bad epochs dropped
Dropped 5 epochs
block 6.0 saved
/mnt/homes/home024/gortega/megdata/S10-6_Attractor_20161109_01.ds 20161109
ds directory : /mnt/homes/home024/gortega/megdata/S10-6_Attractor_20161109_01.ds
    res4 data read.
    hc data read.
    Separate EEG position data file read.
    Quaternion matching (desired vs. transformed):
      -0.56   85.66    0.00 mm <->   -0.56   85.66   -0.00 mm (orig :  -76.69   49.71 -280.18 mm) diff =    0.000 mm
       0.56  -85.66    0.00 mm <->    0.56  -85.66   -0.00 mm (orig :   44.52  -71.26 -284.89 mm) diff =    0.000 mm
     118.20    0.00    0.00 mm <->  118.20    0.00    0.00 mm (orig :   67.30   70.98 -264.19 mm) diff =    0.000 mm
    Coordinate transformations established.
    Polhemus data for 3 HPI coils added
    Device coordinate locations for 3 HPI coils added
    64 EEG electrode locations assigned to channel info.
    64 EEG locations added to Polhemus data.
    Measurement info composed.
Finding samples for /mnt/homes/home024/gortega/megdata/S10-6_Attractor_20161109_01.ds/S10-6_Attractor_20161109_01.meg4: 
    System clock channel is available, checking which samples are valid.
    1104 x 1200 = 1324800 samples from 405 chs
Finding samples for /mnt/homes/home024/gortega/megdata/S10-6_Attractor_20161109_01.ds/S10-6_Attractor_20161109_01.1_meg4: 
    System clock channel is available, checking which samples are valid.
    1104 x 1200 = 1324800 samples from 405 chs
Finding samples for /mnt/homes/home024/gortega/megdata/S10-6_Attractor_20161109_01.ds/S10-6_Attractor_20161109_01.2_meg4: 
    System clock channel is available, checking which samples are valid.
    324 x 1200 = 388800 samples from 405 chs
    357 samples omitted at the end
Current compensation grade : 0
get metadata from raw data
680 events found
Events id: [224 225 226 228 230 232 236]
7466 events found
Events id: [  2   3   4   5   6   7   8  30  40  50  60  61  62  70  80  89  91 100
 101 111 112 113 150 151 170 208 255]
7466 events found
Events id: [  2   3   4   5   6   7   8  30  40  50  60  61  62  70  80  89  91 100
 101 111 112 113 150 151 170 208 255]
getting metadata from raw data form block 0
242 events found
Events id: [224 225 226 228 230 232]
2415 events found
Events id: [  2   3   4   5   6   7   8  30  40  50  60  61  62  70  80  89  91 100
 101 111 112 113 150 151 170 208 255]
metadata done, preprocesing 6.0
Reading 0 ... 1138841  =      0.000 ...   949.034 secs...
Setting up band-pass filter from 1.1e+02 - 1.4e+02 Hz
The default output type is "ba" in 0.13 but will change to "sos" in 0.14
Reading 0 ... 1138841  =      0.000 ...   949.034 secs...
Setting up low-pass filter at 1 Hz
h_trans_bandwidth chosen to be 2.0 Hz
Filter length of 3960 samples (3.300 sec) selected
Reading 0 ... 1138841  =      0.000 ...   949.034 secs...
Setting up low-pass filter at 1 Hz
h_trans_bandwidth chosen to be 2.0 Hz
Filter length of 3960 samples (3.300 sec) selected
preprocess done
98 matching events found
No baseline correction applied
0 projection items activated
98 matching events found
No baseline correction applied
0 projection items activated
Loading data for 98 events and 601 original time points ...
4 bad epochs dropped
Loading data for 98 events and 3601 original time points ...
5 bad epochs dropped
Dropped 2 epochs
block 1.0 saved
getting metadata from raw data form block 1
429 events found
Events id: [225 226 232]
4982 events found
Events id: [  2   3   4   5   6   7   8  30  40  50  60  61  62  70  80  89  91 100
 101 111 112 113 150 151]
metadata done, preprocesing 6.0
Reading 0 ... 1479426  =      0.000 ...  1232.855 secs...
Setting up band-pass filter from 1.1e+02 - 1.4e+02 Hz
The default output type is "ba" in 0.13 but will change to "sos" in 0.14
Reading 0 ... 1479426  =      0.000 ...  1232.855 secs...
Setting up low-pass filter at 1 Hz
h_trans_bandwidth chosen to be 2.0 Hz
Filter length of 3960 samples (3.300 sec) selected
Reading 0 ... 1479426  =      0.000 ...  1232.855 secs...
Setting up low-pass filter at 1 Hz
h_trans_bandwidth chosen to be 2.0 Hz
Filter length of 3960 samples (3.300 sec) selected
preprocess done
[10, 6, 2, 1, 20161109] already exist 1062120161109 20161109 /mnt/homes/home024/gortega/megdata/S10-6_Attractor_20161109_01.ds
[10, 6, 2, 2, 20161109] already exist 1062220161109 20161109 /mnt/homes/home024/gortega/megdata/S10-6_Attractor_20161109_01.ds
[10, 6, 2, 3, 20161109] already exist 1062320161109 20161109 /mnt/homes/home024/gortega/megdata/S10-6_Attractor_20161109_01.ds
[10, 6, 2, 4, 20161109] already exist 1062420161109 20161109 /mnt/homes/home024/gortega/megdata/S10-6_Attractor_20161109_01.ds
[10, 6, 2, 5, 20161109] already exist 1062520161109 20161109 /mnt/homes/home024/gortega/megdata/S10-6_Attractor_20161109_01.ds
[10, 6, 2, 6, 20161109] already exist 1062620161109 20161109 /mnt/homes/home024/gortega/megdata/S10-6_Attractor_20161109_01.ds
[10, 6, 2, 7, 20161109] already exist 1062720161109 20161109 /mnt/homes/home024/gortega/megdata/S10-6_Attractor_20161109_01.ds
[10, 6, 2, 8, 20161109] already exist 1062820161109 20161109 /mnt/homes/home024/gortega/megdata/S10-6_Attractor_20161109_01.ds
[10, 6, 2, 9, 20161109] already exist 1062920161109 20161109 /mnt/homes/home024/gortega/megdata/S10-6_Attractor_20161109_01.ds
[10, 6, 2, 10, 20161109] already exist 10621020161109 20161109 /mnt/homes/home024/gortega/megdata/S10-6_Attractor_20161109_01.ds
[10, 6, 2, 11, 20161109] already exist 10621120161109 20161109 /mnt/homes/home024/gortega/megdata/S10-6_Attractor_20161109_01.ds
[10, 6, 2, 12, 20161109] already exist 10621220161109 20161109 /mnt/homes/home024/gortega/megdata/S10-6_Attractor_20161109_01.ds
[10, 6, 2, 13, 20161109] already exist 10621320161109 20161109 /mnt/homes/home024/gortega/megdata/S10-6_Attractor_20161109_01.ds
[10, 6, 2, 14, 20161109] already exist 10621420161109 20161109 /mnt/homes/home024/gortega/megdata/S10-6_Attractor_20161109_01.ds
[10, 6, 2, 15, 20161109] already exist 10621520161109 20161109 /mnt/homes/home024/gortega/megdata/S10-6_Attractor_20161109_01.ds
[10, 6, 2, 16, 20161109] already exist 10621620161109 20161109 /mnt/homes/home024/gortega/megdata/S10-6_Attractor_20161109_01.ds
[10, 6, 2, 17, 20161109] already exist 10621720161109 20161109 /mnt/homes/home024/gortega/megdata/S10-6_Attractor_20161109_01.ds
[10, 6, 2, 18, 20161109] already exist 10621820161109 20161109 /mnt/homes/home024/gortega/megdata/S10-6_Attractor_20161109_01.ds
[10, 6, 2, 19, 20161109] already exist 10621920161109 20161109 /mnt/homes/home024/gortega/megdata/S10-6_Attractor_20161109_01.ds
[10, 6, 2, 20, 20161109] already exist 10622020161109 20161109 /mnt/homes/home024/gortega/megdata/S10-6_Attractor_20161109_01.ds
[10, 6, 2, 21, 20161109] already exist 10622120161109 20161109 /mnt/homes/home024/gortega/megdata/S10-6_Attractor_20161109_01.ds
[10, 6, 2, 22, 20161109] already exist 10622220161109 20161109 /mnt/homes/home024/gortega/megdata/S10-6_Attractor_20161109_01.ds
[10, 6, 2, 23, 20161109] already exist 10622320161109 20161109 /mnt/homes/home024/gortega/megdata/S10-6_Attractor_20161109_01.ds
[10, 6, 2, 24, 20161109] already exist 10622420161109 20161109 /mnt/homes/home024/gortega/megdata/S10-6_Attractor_20161109_01.ds
[10, 6, 2, 25, 20161109] already exist 10622520161109 20161109 /mnt/homes/home024/gortega/megdata/S10-6_Attractor_20161109_01.ds
[10, 6, 2, 26, 20161109] already exist 10622620161109 20161109 /mnt/homes/home024/gortega/megdata/S10-6_Attractor_20161109_01.ds
[10, 6, 2, 27, 20161109] already exist 10622720161109 20161109 /mnt/homes/home024/gortega/megdata/S10-6_Attractor_20161109_01.ds
[10, 6, 2, 28, 20161109] already exist 10622820161109 20161109 /mnt/homes/home024/gortega/megdata/S10-6_Attractor_20161109_01.ds
[10, 6, 2, 29, 20161109] already exist 10622920161109 20161109 /mnt/homes/home024/gortega/megdata/S10-6_Attractor_20161109_01.ds
[10, 6, 2, 30, 20161109] already exist 10623020161109 20161109 /mnt/homes/home024/gortega/megdata/S10-6_Attractor_20161109_01.ds
[10, 6, 2, 31, 20161109] already exist 10623120161109 20161109 /mnt/homes/home024/gortega/megdata/S10-6_Attractor_20161109_01.ds
[10, 6, 2, 32, 20161109] already exist 10623220161109 20161109 /mnt/homes/home024/gortega/megdata/S10-6_Attractor_20161109_01.ds
[10, 6, 2, 33, 20161109] already exist 10623320161109 20161109 /mnt/homes/home024/gortega/megdata/S10-6_Attractor_20161109_01.ds
[10, 6, 2, 34, 20161109] already exist 10623420161109 20161109 /mnt/homes/home024/gortega/megdata/S10-6_Attractor_20161109_01.ds
[10, 6, 2, 35, 20161109] already exist 10623520161109 20161109 /mnt/homes/home024/gortega/megdata/S10-6_Attractor_20161109_01.ds
[10, 6, 2, 36, 20161109] already exist 10623620161109 20161109 /mnt/homes/home024/gortega/megdata/S10-6_Attractor_20161109_01.ds
[10, 6, 2, 37, 20161109] already exist 10623720161109 20161109 /mnt/homes/home024/gortega/megdata/S10-6_Attractor_20161109_01.ds
[10, 6, 2, 38, 20161109] already exist 10623820161109 20161109 /mnt/homes/home024/gortega/megdata/S10-6_Attractor_20161109_01.ds
[10, 6, 2, 39, 20161109] already exist 10623920161109 20161109 /mnt/homes/home024/gortega/megdata/S10-6_Attractor_20161109_01.ds
[10, 6, 2, 40, 20161109] already exist 10624020161109 20161109 /mnt/homes/home024/gortega/megdata/S10-6_Attractor_20161109_01.ds
[10, 6, 2, 41, 20161109] already exist 10624120161109 20161109 /mnt/homes/home024/gortega/megdata/S10-6_Attractor_20161109_01.ds
[10, 6, 2, 42, 20161109] already exist 10624220161109 20161109 /mnt/homes/home024/gortega/megdata/S10-6_Attractor_20161109_01.ds
[10, 6, 2, 43, 20161109] already exist 10624320161109 20161109 /mnt/homes/home024/gortega/megdata/S10-6_Attractor_20161109_01.ds
[10, 6, 2, 44, 20161109] already exist 10624420161109 20161109 /mnt/homes/home024/gortega/megdata/S10-6_Attractor_20161109_01.ds
[10, 6, 2, 45, 20161109] already exist 10624520161109 20161109 /mnt/homes/home024/gortega/megdata/S10-6_Attractor_20161109_01.ds
[10, 6, 2, 46, 20161109] already exist 10624620161109 20161109 /mnt/homes/home024/gortega/megdata/S10-6_Attractor_20161109_01.ds
[10, 6, 2, 47, 20161109] already exist 10624720161109 20161109 /mnt/homes/home024/gortega/megdata/S10-6_Attractor_20161109_01.ds
[10, 6, 2, 48, 20161109] already exist 10624820161109 20161109 /mnt/homes/home024/gortega/megdata/S10-6_Attractor_20161109_01.ds
[10, 6, 2, 49, 20161109] already exist 10624920161109 20161109 /mnt/homes/home024/gortega/megdata/S10-6_Attractor_20161109_01.ds
[10, 6, 2, 50, 20161109] already exist 10625020161109 20161109 /mnt/homes/home024/gortega/megdata/S10-6_Attractor_20161109_01.ds
[10, 6, 2, 51, 20161109] already exist 10625120161109 20161109 /mnt/homes/home024/gortega/megdata/S10-6_Attractor_20161109_01.ds
[10, 6, 2, 52, 20161109] already exist 10625220161109 20161109 /mnt/homes/home024/gortega/megdata/S10-6_Attractor_20161109_01.ds
[10, 6, 2, 53, 20161109] already exist 10625320161109 20161109 /mnt/homes/home024/gortega/megdata/S10-6_Attractor_20161109_01.ds
[10, 6, 2, 54, 20161109] already exist 10625420161109 20161109 /mnt/homes/home024/gortega/megdata/S10-6_Attractor_20161109_01.ds
[10, 6, 2, 55, 20161109] already exist 10625520161109 20161109 /mnt/homes/home024/gortega/megdata/S10-6_Attractor_20161109_01.ds
[10, 6, 2, 56, 20161109] already exist 10625620161109 20161109 /mnt/homes/home024/gortega/megdata/S10-6_Attractor_20161109_01.ds
[10, 6, 2, 57, 20161109] already exist 10625720161109 20161109 /mnt/homes/home024/gortega/megdata/S10-6_Attractor_20161109_01.ds
[10, 6, 2, 58, 20161109] already exist 10625820161109 20161109 /mnt/homes/home024/gortega/megdata/S10-6_Attractor_20161109_01.ds
[10, 6, 2, 59, 20161109] already exist 10625920161109 20161109 /mnt/homes/home024/gortega/megdata/S10-6_Attractor_20161109_01.ds
[10, 6, 2, 60, 20161109] already exist 10626020161109 20161109 /mnt/homes/home024/gortega/megdata/S10-6_Attractor_20161109_01.ds
[10, 6, 2, 61, 20161109] already exist 10626120161109 20161109 /mnt/homes/home024/gortega/megdata/S10-6_Attractor_20161109_01.ds
[10, 6, 2, 62, 20161109] already exist 10626220161109 20161109 /mnt/homes/home024/gortega/megdata/S10-6_Attractor_20161109_01.ds
[10, 6, 2, 63, 20161109] already exist 10626320161109 20161109 /mnt/homes/home024/gortega/megdata/S10-6_Attractor_20161109_01.ds
[10, 6, 2, 64, 20161109] already exist 10626420161109 20161109 /mnt/homes/home024/gortega/megdata/S10-6_Attractor_20161109_01.ds
[10, 6, 2, 65, 20161109] already exist 10626520161109 20161109 /mnt/homes/home024/gortega/megdata/S10-6_Attractor_20161109_01.ds
[10, 6, 2, 66, 20161109] already exist 10626620161109 20161109 /mnt/homes/home024/gortega/megdata/S10-6_Attractor_20161109_01.ds
[10, 6, 2, 67, 20161109] already exist 10626720161109 20161109 /mnt/homes/home024/gortega/megdata/S10-6_Attractor_20161109_01.ds
[10, 6, 2, 68, 20161109] already exist 10626820161109 20161109 /mnt/homes/home024/gortega/megdata/S10-6_Attractor_20161109_01.ds
[10, 6, 2, 69, 20161109] already exist 10626920161109 20161109 /mnt/homes/home024/gortega/megdata/S10-6_Attractor_20161109_01.ds
[10, 6, 2, 70, 20161109] already exist 10627020161109 20161109 /mnt/homes/home024/gortega/megdata/S10-6_Attractor_20161109_01.ds
[10, 6, 2, 71, 20161109] already exist 10627120161109 20161109 /mnt/homes/home024/gortega/megdata/S10-6_Attractor_20161109_01.ds
[10, 6, 2, 72, 20161109] already exist 10627220161109 20161109 /mnt/homes/home024/gortega/megdata/S10-6_Attractor_20161109_01.ds
[10, 6, 2, 73, 20161109] already exist 10627320161109 20161109 /mnt/homes/home024/gortega/megdata/S10-6_Attractor_20161109_01.ds
[10, 6, 2, 74, 20161109] already exist 10627420161109 20161109 /mnt/homes/home024/gortega/megdata/S10-6_Attractor_20161109_01.ds
[10, 6, 2, 75, 20161109] already exist 10627520161109 20161109 /mnt/homes/home024/gortega/megdata/S10-6_Attractor_20161109_01.ds
[10, 6, 2, 76, 20161109] already exist 10627620161109 20161109 /mnt/homes/home024/gortega/megdata/S10-6_Attractor_20161109_01.ds
[10, 6, 2, 77, 20161109] already exist 10627720161109 20161109 /mnt/homes/home024/gortega/megdata/S10-6_Attractor_20161109_01.ds
[10, 6, 2, 78, 20161109] already exist 10627820161109 20161109 /mnt/homes/home024/gortega/megdata/S10-6_Attractor_20161109_01.ds
[10, 6, 2, 79, 20161109] already exist 10627920161109 20161109 /mnt/homes/home024/gortega/megdata/S10-6_Attractor_20161109_01.ds
[10, 6, 2, 80, 20161109] already exist 10628020161109 20161109 /mnt/homes/home024/gortega/megdata/S10-6_Attractor_20161109_01.ds
[10, 6, 2, 81, 20161109] already exist 10628120161109 20161109 /mnt/homes/home024/gortega/megdata/S10-6_Attractor_20161109_01.ds
[10, 6, 2, 82, 20161109] already exist 10628220161109 20161109 /mnt/homes/home024/gortega/megdata/S10-6_Attractor_20161109_01.ds
[10, 6, 2, 83, 20161109] already exist 10628320161109 20161109 /mnt/homes/home024/gortega/megdata/S10-6_Attractor_20161109_01.ds
[10, 6, 2, 84, 20161109] already exist 10628420161109 20161109 /mnt/homes/home024/gortega/megdata/S10-6_Attractor_20161109_01.ds
[10, 6, 2, 85, 20161109] already exist 10628520161109 20161109 /mnt/homes/home024/gortega/megdata/S10-6_Attractor_20161109_01.ds
[10, 6, 2, 86, 20161109] already exist 10628620161109 20161109 /mnt/homes/home024/gortega/megdata/S10-6_Attractor_20161109_01.ds
[10, 6, 2, 87, 20161109] already exist 10628720161109 20161109 /mnt/homes/home024/gortega/megdata/S10-6_Attractor_20161109_01.ds
[10, 6, 2, 88, 20161109] already exist 10628820161109 20161109 /mnt/homes/home024/gortega/megdata/S10-6_Attractor_20161109_01.ds
[10, 6, 2, 89, 20161109] already exist 10628920161109 20161109 /mnt/homes/home024/gortega/megdata/S10-6_Attractor_20161109_01.ds
[10, 6, 2, 90, 20161109] already exist 10629020161109 20161109 /mnt/homes/home024/gortega/megdata/S10-6_Attractor_20161109_01.ds
[10, 6, 2, 91, 20161109] already exist 10629120161109 20161109 /mnt/homes/home024/gortega/megdata/S10-6_Attractor_20161109_01.ds
[10, 6, 2, 92, 20161109] already exist 10629220161109 20161109 /mnt/homes/home024/gortega/megdata/S10-6_Attractor_20161109_01.ds
[10, 6, 2, 93, 20161109] already exist 10629320161109 20161109 /mnt/homes/home024/gortega/megdata/S10-6_Attractor_20161109_01.ds
[10, 6, 2, 94, 20161109] already exist 10629420161109 20161109 /mnt/homes/home024/gortega/megdata/S10-6_Attractor_20161109_01.ds
[10, 6, 2, 95, 20161109] already exist 10629520161109 20161109 /mnt/homes/home024/gortega/megdata/S10-6_Attractor_20161109_01.ds
[10, 6, 2, 96, 20161109] already exist 10629620161109 20161109 /mnt/homes/home024/gortega/megdata/S10-6_Attractor_20161109_01.ds
[10, 6, 2, 97, 20161109] already exist 10629720161109 20161109 /mnt/homes/home024/gortega/megdata/S10-6_Attractor_20161109_01.ds
[10, 6, 2, 98, 20161109] already exist 10629820161109 20161109 /mnt/homes/home024/gortega/megdata/S10-6_Attractor_20161109_01.ds
[10, 6, 2, 99, 20161109] already exist 10629920161109 20161109 /mnt/homes/home024/gortega/megdata/S10-6_Attractor_20161109_01.ds
[10, 6, 2, 100, 20161109] already exist 106210020161109 20161109 /mnt/homes/home024/gortega/megdata/S10-6_Attractor_20161109_01.ds
[10, 6, 2, 101, 20161109] already exist 106210120161109 20161109 /mnt/homes/home024/gortega/megdata/S10-6_Attractor_20161109_01.ds
[10, 6, 2, 102, 20161109] already exist 106210220161109 20161109 /mnt/homes/home024/gortega/megdata/S10-6_Attractor_20161109_01.ds
[10, 6, 2, 103, 20161109] already exist 106210320161109 20161109 /mnt/homes/home024/gortega/megdata/S10-6_Attractor_20161109_01.ds
[10, 6, 2, 104, 20161109] already exist 106210420161109 20161109 /mnt/homes/home024/gortega/megdata/S10-6_Attractor_20161109_01.ds
[10, 6, 2, 105, 20161109] already exist 106210520161109 20161109 /mnt/homes/home024/gortega/megdata/S10-6_Attractor_20161109_01.ds
[10, 6, 2, 106, 20161109] already exist 106210620161109 20161109 /mnt/homes/home024/gortega/megdata/S10-6_Attractor_20161109_01.ds
198 matching events found
No baseline correction applied
0 projection items activated
198 matching events found
No baseline correction applied
0 projection items activated
Loading data for 198 events and 601 original time points ...
14 bad epochs dropped
Loading data for 198 events and 3601 original time points ...
15 bad epochs dropped
Dropped 4 epochs
block 2.0 saved
getting metadata from raw data form block 2
435 events found
Events id: [225 226 228 232]
5049 events found
Events id: [  2   3   4   5   6   7   8  30  40  50  60  61  62  70  80  89  91 100
 101 111 112 113 150 151]
metadata done, preprocesing 6.0
Reading 0 ... 1512278  =      0.000 ...  1260.232 secs...
Setting up band-pass filter from 1.1e+02 - 1.4e+02 Hz
The default output type is "ba" in 0.13 but will change to "sos" in 0.14
Reading 0 ... 1512278  =      0.000 ...  1260.232 secs...
Setting up low-pass filter at 1 Hz
h_trans_bandwidth chosen to be 2.0 Hz
Filter length of 3960 samples (3.300 sec) selected
Reading 0 ... 1512278  =      0.000 ...  1260.232 secs...
Setting up low-pass filter at 1 Hz
h_trans_bandwidth chosen to be 2.0 Hz
Filter length of 3960 samples (3.300 sec) selected
preprocess done
[10, 6, 3, 1, 20161109] already exist 1063120161109 20161109 /mnt/homes/home024/gortega/megdata/S10-6_Attractor_20161109_01.ds
[10, 6, 3, 2, 20161109] already exist 1063220161109 20161109 /mnt/homes/home024/gortega/megdata/S10-6_Attractor_20161109_01.ds
[10, 6, 3, 3, 20161109] already exist 1063320161109 20161109 /mnt/homes/home024/gortega/megdata/S10-6_Attractor_20161109_01.ds
[10, 6, 3, 4, 20161109] already exist 1063420161109 20161109 /mnt/homes/home024/gortega/megdata/S10-6_Attractor_20161109_01.ds
[10, 6, 3, 5, 20161109] already exist 1063520161109 20161109 /mnt/homes/home024/gortega/megdata/S10-6_Attractor_20161109_01.ds
[10, 6, 3, 6, 20161109] already exist 1063620161109 20161109 /mnt/homes/home024/gortega/megdata/S10-6_Attractor_20161109_01.ds
[10, 6, 3, 7, 20161109] already exist 1063720161109 20161109 /mnt/homes/home024/gortega/megdata/S10-6_Attractor_20161109_01.ds
[10, 6, 3, 8, 20161109] already exist 1063820161109 20161109 /mnt/homes/home024/gortega/megdata/S10-6_Attractor_20161109_01.ds
[10, 6, 3, 9, 20161109] already exist 1063920161109 20161109 /mnt/homes/home024/gortega/megdata/S10-6_Attractor_20161109_01.ds
[10, 6, 3, 10, 20161109] already exist 10631020161109 20161109 /mnt/homes/home024/gortega/megdata/S10-6_Attractor_20161109_01.ds
[10, 6, 3, 11, 20161109] already exist 10631120161109 20161109 /mnt/homes/home024/gortega/megdata/S10-6_Attractor_20161109_01.ds
[10, 6, 3, 12, 20161109] already exist 10631220161109 20161109 /mnt/homes/home024/gortega/megdata/S10-6_Attractor_20161109_01.ds
[10, 6, 3, 13, 20161109] already exist 10631320161109 20161109 /mnt/homes/home024/gortega/megdata/S10-6_Attractor_20161109_01.ds
[10, 6, 3, 14, 20161109] already exist 10631420161109 20161109 /mnt/homes/home024/gortega/megdata/S10-6_Attractor_20161109_01.ds
[10, 6, 3, 15, 20161109] already exist 10631520161109 20161109 /mnt/homes/home024/gortega/megdata/S10-6_Attractor_20161109_01.ds
[10, 6, 3, 16, 20161109] already exist 10631620161109 20161109 /mnt/homes/home024/gortega/megdata/S10-6_Attractor_20161109_01.ds
[10, 6, 3, 17, 20161109] already exist 10631720161109 20161109 /mnt/homes/home024/gortega/megdata/S10-6_Attractor_20161109_01.ds
[10, 6, 3, 18, 20161109] already exist 10631820161109 20161109 /mnt/homes/home024/gortega/megdata/S10-6_Attractor_20161109_01.ds
[10, 6, 3, 19, 20161109] already exist 10631920161109 20161109 /mnt/homes/home024/gortega/megdata/S10-6_Attractor_20161109_01.ds
[10, 6, 3, 20, 20161109] already exist 10632020161109 20161109 /mnt/homes/home024/gortega/megdata/S10-6_Attractor_20161109_01.ds
[10, 6, 3, 21, 20161109] already exist 10632120161109 20161109 /mnt/homes/home024/gortega/megdata/S10-6_Attractor_20161109_01.ds
[10, 6, 3, 22, 20161109] already exist 10632220161109 20161109 /mnt/homes/home024/gortega/megdata/S10-6_Attractor_20161109_01.ds
[10, 6, 3, 23, 20161109] already exist 10632320161109 20161109 /mnt/homes/home024/gortega/megdata/S10-6_Attractor_20161109_01.ds
[10, 6, 3, 24, 20161109] already exist 10632420161109 20161109 /mnt/homes/home024/gortega/megdata/S10-6_Attractor_20161109_01.ds
[10, 6, 3, 25, 20161109] already exist 10632520161109 20161109 /mnt/homes/home024/gortega/megdata/S10-6_Attractor_20161109_01.ds
[10, 6, 3, 26, 20161109] already exist 10632620161109 20161109 /mnt/homes/home024/gortega/megdata/S10-6_Attractor_20161109_01.ds
[10, 6, 3, 27, 20161109] already exist 10632720161109 20161109 /mnt/homes/home024/gortega/megdata/S10-6_Attractor_20161109_01.ds
[10, 6, 3, 28, 20161109] already exist 10632820161109 20161109 /mnt/homes/home024/gortega/megdata/S10-6_Attractor_20161109_01.ds
[10, 6, 3, 29, 20161109] already exist 10632920161109 20161109 /mnt/homes/home024/gortega/megdata/S10-6_Attractor_20161109_01.ds
[10, 6, 3, 30, 20161109] already exist 10633020161109 20161109 /mnt/homes/home024/gortega/megdata/S10-6_Attractor_20161109_01.ds
[10, 6, 3, 31, 20161109] already exist 10633120161109 20161109 /mnt/homes/home024/gortega/megdata/S10-6_Attractor_20161109_01.ds
[10, 6, 3, 32, 20161109] already exist 10633220161109 20161109 /mnt/homes/home024/gortega/megdata/S10-6_Attractor_20161109_01.ds
[10, 6, 3, 33, 20161109] already exist 10633320161109 20161109 /mnt/homes/home024/gortega/megdata/S10-6_Attractor_20161109_01.ds
[10, 6, 3, 34, 20161109] already exist 10633420161109 20161109 /mnt/homes/home024/gortega/megdata/S10-6_Attractor_20161109_01.ds
[10, 6, 3, 35, 20161109] already exist 10633520161109 20161109 /mnt/homes/home024/gortega/megdata/S10-6_Attractor_20161109_01.ds
[10, 6, 3, 36, 20161109] already exist 10633620161109 20161109 /mnt/homes/home024/gortega/megdata/S10-6_Attractor_20161109_01.ds
[10, 6, 3, 37, 20161109] already exist 10633720161109 20161109 /mnt/homes/home024/gortega/megdata/S10-6_Attractor_20161109_01.ds
[10, 6, 3, 38, 20161109] already exist 10633820161109 20161109 /mnt/homes/home024/gortega/megdata/S10-6_Attractor_20161109_01.ds
[10, 6, 3, 39, 20161109] already exist 10633920161109 20161109 /mnt/homes/home024/gortega/megdata/S10-6_Attractor_20161109_01.ds
[10, 6, 3, 40, 20161109] already exist 10634020161109 20161109 /mnt/homes/home024/gortega/megdata/S10-6_Attractor_20161109_01.ds
[10, 6, 3, 41, 20161109] already exist 10634120161109 20161109 /mnt/homes/home024/gortega/megdata/S10-6_Attractor_20161109_01.ds
[10, 6, 3, 42, 20161109] already exist 10634220161109 20161109 /mnt/homes/home024/gortega/megdata/S10-6_Attractor_20161109_01.ds
[10, 6, 3, 43, 20161109] already exist 10634320161109 20161109 /mnt/homes/home024/gortega/megdata/S10-6_Attractor_20161109_01.ds
[10, 6, 3, 44, 20161109] already exist 10634420161109 20161109 /mnt/homes/home024/gortega/megdata/S10-6_Attractor_20161109_01.ds
[10, 6, 3, 45, 20161109] already exist 10634520161109 20161109 /mnt/homes/home024/gortega/megdata/S10-6_Attractor_20161109_01.ds
[10, 6, 3, 46, 20161109] already exist 10634620161109 20161109 /mnt/homes/home024/gortega/megdata/S10-6_Attractor_20161109_01.ds
[10, 6, 3, 47, 20161109] already exist 10634720161109 20161109 /mnt/homes/home024/gortega/megdata/S10-6_Attractor_20161109_01.ds
[10, 6, 3, 48, 20161109] already exist 10634820161109 20161109 /mnt/homes/home024/gortega/megdata/S10-6_Attractor_20161109_01.ds
[10, 6, 3, 49, 20161109] already exist 10634920161109 20161109 /mnt/homes/home024/gortega/megdata/S10-6_Attractor_20161109_01.ds
[10, 6, 3, 50, 20161109] already exist 10635020161109 20161109 /mnt/homes/home024/gortega/megdata/S10-6_Attractor_20161109_01.ds
[10, 6, 3, 51, 20161109] already exist 10635120161109 20161109 /mnt/homes/home024/gortega/megdata/S10-6_Attractor_20161109_01.ds
[10, 6, 3, 52, 20161109] already exist 10635220161109 20161109 /mnt/homes/home024/gortega/megdata/S10-6_Attractor_20161109_01.ds
[10, 6, 3, 53, 20161109] already exist 10635320161109 20161109 /mnt/homes/home024/gortega/megdata/S10-6_Attractor_20161109_01.ds
[10, 6, 3, 54, 20161109] already exist 10635420161109 20161109 /mnt/homes/home024/gortega/megdata/S10-6_Attractor_20161109_01.ds
[10, 6, 3, 55, 20161109] already exist 10635520161109 20161109 /mnt/homes/home024/gortega/megdata/S10-6_Attractor_20161109_01.ds
[10, 6, 3, 56, 20161109] already exist 10635620161109 20161109 /mnt/homes/home024/gortega/megdata/S10-6_Attractor_20161109_01.ds
[10, 6, 3, 57, 20161109] already exist 10635720161109 20161109 /mnt/homes/home024/gortega/megdata/S10-6_Attractor_20161109_01.ds
[10, 6, 3, 58, 20161109] already exist 10635820161109 20161109 /mnt/homes/home024/gortega/megdata/S10-6_Attractor_20161109_01.ds
[10, 6, 3, 59, 20161109] already exist 10635920161109 20161109 /mnt/homes/home024/gortega/megdata/S10-6_Attractor_20161109_01.ds
[10, 6, 3, 60, 20161109] already exist 10636020161109 20161109 /mnt/homes/home024/gortega/megdata/S10-6_Attractor_20161109_01.ds
[10, 6, 3, 61, 20161109] already exist 10636120161109 20161109 /mnt/homes/home024/gortega/megdata/S10-6_Attractor_20161109_01.ds
[10, 6, 3, 62, 20161109] already exist 10636220161109 20161109 /mnt/homes/home024/gortega/megdata/S10-6_Attractor_20161109_01.ds
[10, 6, 3, 63, 20161109] already exist 10636320161109 20161109 /mnt/homes/home024/gortega/megdata/S10-6_Attractor_20161109_01.ds
[10, 6, 3, 64, 20161109] already exist 10636420161109 20161109 /mnt/homes/home024/gortega/megdata/S10-6_Attractor_20161109_01.ds
[10, 6, 3, 65, 20161109] already exist 10636520161109 20161109 /mnt/homes/home024/gortega/megdata/S10-6_Attractor_20161109_01.ds
[10, 6, 3, 66, 20161109] already exist 10636620161109 20161109 /mnt/homes/home024/gortega/megdata/S10-6_Attractor_20161109_01.ds
[10, 6, 3, 67, 20161109] already exist 10636720161109 20161109 /mnt/homes/home024/gortega/megdata/S10-6_Attractor_20161109_01.ds
[10, 6, 3, 68, 20161109] already exist 10636820161109 20161109 /mnt/homes/home024/gortega/megdata/S10-6_Attractor_20161109_01.ds
[10, 6, 3, 69, 20161109] already exist 10636920161109 20161109 /mnt/homes/home024/gortega/megdata/S10-6_Attractor_20161109_01.ds
[10, 6, 3, 70, 20161109] already exist 10637020161109 20161109 /mnt/homes/home024/gortega/megdata/S10-6_Attractor_20161109_01.ds
[10, 6, 3, 71, 20161109] already exist 10637120161109 20161109 /mnt/homes/home024/gortega/megdata/S10-6_Attractor_20161109_01.ds
[10, 6, 3, 72, 20161109] already exist 10637220161109 20161109 /mnt/homes/home024/gortega/megdata/S10-6_Attractor_20161109_01.ds
[10, 6, 3, 73, 20161109] already exist 10637320161109 20161109 /mnt/homes/home024/gortega/megdata/S10-6_Attractor_20161109_01.ds
[10, 6, 3, 74, 20161109] already exist 10637420161109 20161109 /mnt/homes/home024/gortega/megdata/S10-6_Attractor_20161109_01.ds
[10, 6, 3, 75, 20161109] already exist 10637520161109 20161109 /mnt/homes/home024/gortega/megdata/S10-6_Attractor_20161109_01.ds
[10, 6, 3, 76, 20161109] already exist 10637620161109 20161109 /mnt/homes/home024/gortega/megdata/S10-6_Attractor_20161109_01.ds
[10, 6, 3, 77, 20161109] already exist 10637720161109 20161109 /mnt/homes/home024/gortega/megdata/S10-6_Attractor_20161109_01.ds
[10, 6, 3, 78, 20161109] already exist 10637820161109 20161109 /mnt/homes/home024/gortega/megdata/S10-6_Attractor_20161109_01.ds
[10, 6, 3, 79, 20161109] already exist 10637920161109 20161109 /mnt/homes/home024/gortega/megdata/S10-6_Attractor_20161109_01.ds
[10, 6, 3, 80, 20161109] already exist 10638020161109 20161109 /mnt/homes/home024/gortega/megdata/S10-6_Attractor_20161109_01.ds
[10, 6, 3, 81, 20161109] already exist 10638120161109 20161109 /mnt/homes/home024/gortega/megdata/S10-6_Attractor_20161109_01.ds
[10, 6, 3, 82, 20161109] already exist 10638220161109 20161109 /mnt/homes/home024/gortega/megdata/S10-6_Attractor_20161109_01.ds
[10, 6, 3, 83, 20161109] already exist 10638320161109 20161109 /mnt/homes/home024/gortega/megdata/S10-6_Attractor_20161109_01.ds
[10, 6, 3, 84, 20161109] already exist 10638420161109 20161109 /mnt/homes/home024/gortega/megdata/S10-6_Attractor_20161109_01.ds
[10, 6, 3, 85, 20161109] already exist 10638520161109 20161109 /mnt/homes/home024/gortega/megdata/S10-6_Attractor_20161109_01.ds
[10, 6, 3, 86, 20161109] already exist 10638620161109 20161109 /mnt/homes/home024/gortega/megdata/S10-6_Attractor_20161109_01.ds
[10, 6, 3, 87, 20161109] already exist 10638720161109 20161109 /mnt/homes/home024/gortega/megdata/S10-6_Attractor_20161109_01.ds
[10, 6, 3, 88, 20161109] already exist 10638820161109 20161109 /mnt/homes/home024/gortega/megdata/S10-6_Attractor_20161109_01.ds
[10, 6, 3, 89, 20161109] already exist 10638920161109 20161109 /mnt/homes/home024/gortega/megdata/S10-6_Attractor_20161109_01.ds
[10, 6, 3, 90, 20161109] already exist 10639020161109 20161109 /mnt/homes/home024/gortega/megdata/S10-6_Attractor_20161109_01.ds
[10, 6, 3, 91, 20161109] already exist 10639120161109 20161109 /mnt/homes/home024/gortega/megdata/S10-6_Attractor_20161109_01.ds
[10, 6, 3, 92, 20161109] already exist 10639220161109 20161109 /mnt/homes/home024/gortega/megdata/S10-6_Attractor_20161109_01.ds
[10, 6, 3, 93, 20161109] already exist 10639320161109 20161109 /mnt/homes/home024/gortega/megdata/S10-6_Attractor_20161109_01.ds
[10, 6, 3, 94, 20161109] already exist 10639420161109 20161109 /mnt/homes/home024/gortega/megdata/S10-6_Attractor_20161109_01.ds
[10, 6, 3, 95, 20161109] already exist 10639520161109 20161109 /mnt/homes/home024/gortega/megdata/S10-6_Attractor_20161109_01.ds
[10, 6, 3, 96, 20161109] already exist 10639620161109 20161109 /mnt/homes/home024/gortega/megdata/S10-6_Attractor_20161109_01.ds
[10, 6, 3, 97, 20161109] already exist 10639720161109 20161109 /mnt/homes/home024/gortega/megdata/S10-6_Attractor_20161109_01.ds
[10, 6, 3, 98, 20161109] already exist 10639820161109 20161109 /mnt/homes/home024/gortega/megdata/S10-6_Attractor_20161109_01.ds
[10, 6, 3, 99, 20161109] already exist 10639920161109 20161109 /mnt/homes/home024/gortega/megdata/S10-6_Attractor_20161109_01.ds
[10, 6, 3, 100, 20161109] already exist 106310020161109 20161109 /mnt/homes/home024/gortega/megdata/S10-6_Attractor_20161109_01.ds
[10, 6, 3, 101, 20161109] already exist 106310120161109 20161109 /mnt/homes/home024/gortega/megdata/S10-6_Attractor_20161109_01.ds
[10, 6, 3, 102, 20161109] already exist 106310220161109 20161109 /mnt/homes/home024/gortega/megdata/S10-6_Attractor_20161109_01.ds
[10, 6, 3, 103, 20161109] already exist 106310320161109 20161109 /mnt/homes/home024/gortega/megdata/S10-6_Attractor_20161109_01.ds
[10, 6, 3, 104, 20161109] already exist 106310420161109 20161109 /mnt/homes/home024/gortega/megdata/S10-6_Attractor_20161109_01.ds
[10, 6, 3, 105, 20161109] already exist 106310520161109 20161109 /mnt/homes/home024/gortega/megdata/S10-6_Attractor_20161109_01.ds
[10, 6, 3, 106, 20161109] already exist 106310620161109 20161109 /mnt/homes/home024/gortega/megdata/S10-6_Attractor_20161109_01.ds
[10, 6, 3, 107, 20161109] already exist 106310720161109 20161109 /mnt/homes/home024/gortega/megdata/S10-6_Attractor_20161109_01.ds
[10, 6, 3, 108, 20161109] already exist 106310820161109 20161109 /mnt/homes/home024/gortega/megdata/S10-6_Attractor_20161109_01.ds
199 matching events found
No baseline correction applied
0 projection items activated
199 matching events found
No baseline correction applied
0 projection items activated
Loading data for 199 events and 601 original time points ...
19 bad epochs dropped
Loading data for 199 events and 3601 original time points ...
20 bad epochs dropped
Dropped 6 epochs
block 3.0 saved
/mnt/homes/home024/gortega/megdata/S10-6_Attractor_20161109_02.ds 20161109
ds directory : /mnt/homes/home024/gortega/megdata/S10-6_Attractor_20161109_02.ds
    res4 data read.
    hc data read.
    Separate EEG position data file read.
    Quaternion matching (desired vs. transformed):
       0.05   85.91    0.00 mm <->    0.05   85.91    0.00 mm (orig :  -74.94   50.47 -276.91 mm) diff =    0.000 mm
      -0.05  -85.91    0.00 mm <->   -0.05  -85.91    0.00 mm (orig :   44.00  -73.49 -274.09 mm) diff =    0.000 mm
     118.53    0.00    0.00 mm <->  118.54   -0.00    0.00 mm (orig :   68.96   69.97 -258.69 mm) diff =    0.000 mm
    Coordinate transformations established.
    Polhemus data for 3 HPI coils added
    Device coordinate locations for 3 HPI coils added
    64 EEG electrode locations assigned to channel info.
    64 EEG locations added to Polhemus data.
    Measurement info composed.
Finding samples for /mnt/homes/home024/gortega/megdata/S10-6_Attractor_20161109_02.ds/S10-6_Attractor_20161109_02.meg4: 
    System clock channel is available, checking which samples are valid.
    1104 x 1200 = 1324800 samples from 405 chs
Finding samples for /mnt/homes/home024/gortega/megdata/S10-6_Attractor_20161109_02.ds/S10-6_Attractor_20161109_02.1_meg4: 
    System clock channel is available, checking which samples are valid.
    866 x 1200 = 1039200 samples from 405 chs
    225 samples omitted at the end
Current compensation grade : 0
get metadata from raw data
623 events found
Events id: [225 226 228 232]
7140 events found
Events id: [  2   3   4   5   6   7   8  30  40  50  60  61  62  70  80  89  91 100
 101 111 112 113 150 151]
7140 events found
Events id: [  2   3   4   5   6   7   8  30  40  50  60  61  62  70  80  89  91 100
 101 111 112 113 150 151]
getting metadata from raw data form block 0
202 events found
Events id: [225 226 228 232]
2319 events found
Events id: [  2   3   4   5   6   7   8  30  40  50  60  61  62  70  80  89  91 100
 101 111 112 113 150 151]
metadata done, preprocesing 6.0
Reading 0 ... 663205  =      0.000 ...   552.671 secs...
Setting up band-pass filter from 1.1e+02 - 1.4e+02 Hz
The default output type is "ba" in 0.13 but will change to "sos" in 0.14
Reading 0 ... 663205  =      0.000 ...   552.671 secs...
Setting up low-pass filter at 1 Hz
h_trans_bandwidth chosen to be 2.0 Hz
Filter length of 3960 samples (3.300 sec) selected
Reading 0 ... 663205  =      0.000 ...   552.671 secs...
Setting up low-pass filter at 1 Hz
h_trans_bandwidth chosen to be 2.0 Hz
Filter length of 3960 samples (3.300 sec) selected
preprocess done
98 matching events found
No baseline correction applied
0 projection items activated
98 matching events found
No baseline correction applied
0 projection items activated
Loading data for 98 events and 601 original time points ...
10 bad epochs dropped
Loading data for 98 events and 3601 original time points ...
8 bad epochs dropped
Dropped 3 epochs
block 4.0 saved
getting metadata from raw data form block 1
205 events found
Events id: [225 226 228 232]
2373 events found
Events id: [  2   3   4   5   6   7   8  30  40  50  60  61  62  70  80  89  91 100
 101 111 112 113 150 151]
metadata done, preprocesing 6.0
Reading 0 ... 695182  =      0.000 ...   579.318 secs...
Setting up band-pass filter from 1.1e+02 - 1.4e+02 Hz
The default output type is "ba" in 0.13 but will change to "sos" in 0.14
Reading 0 ... 695182  =      0.000 ...   579.318 secs...
Setting up low-pass filter at 1 Hz
h_trans_bandwidth chosen to be 2.0 Hz
Filter length of 3960 samples (3.300 sec) selected
Reading 0 ... 695182  =      0.000 ...   579.318 secs...
Setting up low-pass filter at 1 Hz
h_trans_bandwidth chosen to be 2.0 Hz
Filter length of 3960 samples (3.300 sec) selected
preprocess done
98 matching events found
No baseline correction applied
0 projection items activated
98 matching events found
No baseline correction applied
0 projection items activated
Loading data for 98 events and 601 original time points ...
8 bad epochs dropped
Loading data for 98 events and 3601 original time points ...
9 bad epochs dropped
Dropped 2 epochs
block 5.0 saved
getting metadata from raw data form block 2
215 events found
Events id: [225 226 228 232]
2445 events found
Events id: [  2   3   4   5   6   7   8  30  40  50  60  61  62  70  80  89  91 100
 101 111 112 113 150 151]
metadata done, preprocesing 6.0
Reading 0 ... 727602  =      0.000 ...   606.335 secs...
Setting up band-pass filter from 1.1e+02 - 1.4e+02 Hz
The default output type is "ba" in 0.13 but will change to "sos" in 0.14
Reading 0 ... 727602  =      0.000 ...   606.335 secs...
Setting up low-pass filter at 1 Hz
h_trans_bandwidth chosen to be 2.0 Hz
Filter length of 3960 samples (3.300 sec) selected
Reading 0 ... 727602  =      0.000 ...   606.335 secs...
Setting up low-pass filter at 1 Hz
h_trans_bandwidth chosen to be 2.0 Hz
Filter length of 3960 samples (3.300 sec) selected
preprocess done
99 matching events found
No baseline correction applied
0 projection items activated
99 matching events found
No baseline correction applied
0 projection items activated
Loading data for 99 events and 601 original time points ...
13 bad epochs dropped
Loading data for 99 events and 3601 original time points ...
13 bad epochs dropped
Dropped 6 epochs
block 6.0 saved
/mnt/homes/home024/gortega/megdata/S10-7_Attractor_20161123_01.ds 20161123
ds directory : /mnt/homes/home024/gortega/megdata/S10-7_Attractor_20161123_01.ds
    res4 data read.
    hc data read.
    Separate EEG position data file read.
    Quaternion matching (desired vs. transformed):
       3.49   85.93    0.00 mm <->    3.49   85.93    0.00 mm (orig :  -68.90   55.51 -289.86 mm) diff =    0.000 mm
      -3.49  -85.93    0.00 mm <->   -3.49  -85.93    0.00 mm (orig :   46.11  -72.38 -291.05 mm) diff =    0.000 mm
     117.67    0.00    0.00 mm <->  117.67    0.00    0.00 mm (orig :   70.73   71.60 -264.04 mm) diff =    0.000 mm
    Coordinate transformations established.
    Polhemus data for 3 HPI coils added
    Device coordinate locations for 3 HPI coils added
    64 EEG electrode locations assigned to channel info.
    64 EEG locations added to Polhemus data.
    Measurement info composed.
Finding samples for /mnt/homes/home024/gortega/megdata/S10-7_Attractor_20161123_01.ds/S10-7_Attractor_20161123_01.meg4: 
    System clock channel is available, checking which samples are valid.
    1104 x 1200 = 1324800 samples from 405 chs
Finding samples for /mnt/homes/home024/gortega/megdata/S10-7_Attractor_20161123_01.ds/S10-7_Attractor_20161123_01.1_meg4: 
    System clock channel is available, checking which samples are valid.
    1104 x 1200 = 1324800 samples from 405 chs
Finding samples for /mnt/homes/home024/gortega/megdata/S10-7_Attractor_20161123_01.ds/S10-7_Attractor_20161123_01.2_meg4: 
    System clock channel is available, checking which samples are valid.
    272 x 1200 = 326400 samples from 405 chs
    1023 samples omitted at the end
Current compensation grade : 0
get metadata from raw data
806 events found
Events id: [226 232]
9278 events found
Events id: [  2   3   4   5   6   7   8  30  40  50  60  61  62  70  80  89  91 100
 101 111 112 113 150 151]
9278 events found
Events id: [  2   3   4   5   6   7   8  30  40  50  60  61  62  70  80  89  91 100
 101 111 112 113 150 151]
getting metadata from raw data form block 0
200 events found
Events id: [226 232]
2301 events found
Events id: [  2   3   4   5   6   7   8  30  40  50  60  61  62  70  80  89  91 100
 101 111 112 113 150 151]
metadata done, preprocesing 7.0
Reading 0 ... 620561  =      0.000 ...   517.134 secs...
Setting up band-pass filter from 1.1e+02 - 1.4e+02 Hz
The default output type is "ba" in 0.13 but will change to "sos" in 0.14
Reading 0 ... 620561  =      0.000 ...   517.134 secs...
Setting up low-pass filter at 1 Hz
h_trans_bandwidth chosen to be 2.0 Hz
Filter length of 3960 samples (3.300 sec) selected
Reading 0 ... 620561  =      0.000 ...   517.134 secs...
Setting up low-pass filter at 1 Hz
h_trans_bandwidth chosen to be 2.0 Hz
Filter length of 3960 samples (3.300 sec) selected
preprocess done
98 matching events found
No baseline correction applied
0 projection items activated
98 matching events found
No baseline correction applied
0 projection items activated
Loading data for 98 events and 601 original time points ...
3 bad epochs dropped
Loading data for 98 events and 3601 original time points ...
4 bad epochs dropped
Dropped 1 epoch
block 1.0 saved
getting metadata from raw data form block 1
206 events found
Events id: [226 232]
2343 events found
Events id: [  2   3   4   5   6   7   8  30  40  50  60  61  62  70  80  89  91 100
 101 111 112 113 150 151]
metadata done, preprocesing 7.0
Reading 0 ... 665764  =      0.000 ...   554.803 secs...
Setting up band-pass filter from 1.1e+02 - 1.4e+02 Hz
The default output type is "ba" in 0.13 but will change to "sos" in 0.14
Reading 0 ... 665764  =      0.000 ...   554.803 secs...
Setting up low-pass filter at 1 Hz
h_trans_bandwidth chosen to be 2.0 Hz
Filter length of 3960 samples (3.300 sec) selected
Reading 0 ... 665764  =      0.000 ...   554.803 secs...
Setting up low-pass filter at 1 Hz
h_trans_bandwidth chosen to be 2.0 Hz
Filter length of 3960 samples (3.300 sec) selected
preprocess done
98 matching events found
No baseline correction applied
0 projection items activated
98 matching events found
No baseline correction applied
0 projection items activated
Loading data for 98 events and 601 original time points ...
15 bad epochs dropped
Loading data for 98 events and 3601 original time points ...
14 bad epochs dropped
Dropped 2 epochs
block 2.0 saved
getting metadata from raw data form block 2
199 events found
Events id: [226 232]
2314 events found
Events id: [  2   3   4   5   6   7   8  30  40  50  60  61  62  70  80  89  91 100
 101 111 112 113 150 151]
metadata done, preprocesing 7.0
Reading 0 ... 643608  =      0.000 ...   536.340 secs...
Setting up band-pass filter from 1.1e+02 - 1.4e+02 Hz
The default output type is "ba" in 0.13 but will change to "sos" in 0.14
Reading 0 ... 643608  =      0.000 ...   536.340 secs...
Setting up low-pass filter at 1 Hz
h_trans_bandwidth chosen to be 2.0 Hz
Filter length of 3960 samples (3.300 sec) selected
Reading 0 ... 643608  =      0.000 ...   536.340 secs...
Setting up low-pass filter at 1 Hz
h_trans_bandwidth chosen to be 2.0 Hz
Filter length of 3960 samples (3.300 sec) selected
preprocess done
98 matching events found
No baseline correction applied
0 projection items activated
98 matching events found
No baseline correction applied
0 projection items activated
Loading data for 98 events and 601 original time points ...
8 bad epochs dropped
Loading data for 98 events and 3601 original time points ...
8 bad epochs dropped
Dropped 0 epochs
block 3.0 saved
getting metadata from raw data form block 3
200 events found
Events id: [226 232]
2316 events found
Events id: [  2   3   4   5   6   7   8  30  40  50  60  61  62  70  80  89  91 100
 101 111 112 113 150 151]
metadata done, preprocesing 7.0
Reading 0 ... 626667  =      0.000 ...   522.222 secs...
Setting up band-pass filter from 1.1e+02 - 1.4e+02 Hz
The default output type is "ba" in 0.13 but will change to "sos" in 0.14
Reading 0 ... 626667  =      0.000 ...   522.222 secs...
Setting up low-pass filter at 1 Hz
h_trans_bandwidth chosen to be 2.0 Hz
Filter length of 3960 samples (3.300 sec) selected
Reading 0 ... 626667  =      0.000 ...   522.222 secs...
Setting up low-pass filter at 1 Hz
h_trans_bandwidth chosen to be 2.0 Hz
Filter length of 3960 samples (3.300 sec) selected
preprocess done
98 matching events found
No baseline correction applied
0 projection items activated
98 matching events found
No baseline correction applied
0 projection items activated
Loading data for 98 events and 601 original time points ...
5 bad epochs dropped
Loading data for 98 events and 3601 original time points ...
9 bad epochs dropped
Dropped 0 epochs
block 4.0 saved
/mnt/homes/home024/gortega/megdata/S10-7_Attractor_20161123_02.ds 20161123
ds directory : /mnt/homes/home024/gortega/megdata/S10-7_Attractor_20161123_02.ds
    res4 data read.
    hc data read.
    Separate EEG position data file read.
    Quaternion matching (desired vs. transformed):
       3.71   85.54    0.00 mm <->    3.71   85.54    0.00 mm (orig :  -69.13   55.77 -282.36 mm) diff =    0.000 mm
      -3.71  -85.54    0.00 mm <->   -3.72  -85.54    0.00 mm (orig :   45.95  -70.99 -278.95 mm) diff =    0.000 mm
     117.90    0.00    0.00 mm <->  117.90    0.00    0.00 mm (orig :   69.37   73.54 -253.08 mm) diff =    0.000 mm
    Coordinate transformations established.
    Polhemus data for 3 HPI coils added
    Device coordinate locations for 3 HPI coils added
    64 EEG electrode locations assigned to channel info.
    64 EEG locations added to Polhemus data.
    Measurement info composed.
Finding samples for /mnt/homes/home024/gortega/megdata/S10-7_Attractor_20161123_02.ds/S10-7_Attractor_20161123_02.meg4: 
    System clock channel is available, checking which samples are valid.
    1104 x 1200 = 1324800 samples from 405 chs
Finding samples for /mnt/homes/home024/gortega/megdata/S10-7_Attractor_20161123_02.ds/S10-7_Attractor_20161123_02.1_meg4: 
    System clock channel is available, checking which samples are valid.
    1104 x 1200 = 1324800 samples from 405 chs
Finding samples for /mnt/homes/home024/gortega/megdata/S10-7_Attractor_20161123_02.ds/S10-7_Attractor_20161123_02.2_meg4: 
    System clock channel is available, checking which samples are valid.
    330 x 1200 = 396000 samples from 405 chs
    312 samples omitted at the end
Current compensation grade : 0
get metadata from raw data
808 events found
Events id: [226 232]
9315 events found
Events id: [  2   3   4   5   6   7   8  30  40  50  60  61  62  70  80  89  91 100
 101 111 112 113 150 151]
9315 events found
Events id: [  2   3   4   5   6   7   8  30  40  50  60  61  62  70  80  89  91 100
 101 111 112 113 150 151]
getting metadata from raw data form block 0
202 events found
Events id: [226 232]
2349 events found
Events id: [  2   3   4   5   6   7   8  30  40  50  60  61  62  70  80  89  91 100
 101 111 112 113 150 151]
metadata done, preprocesing 7.0
Reading 0 ... 649892  =      0.000 ...   541.577 secs...
Setting up band-pass filter from 1.1e+02 - 1.4e+02 Hz
The default output type is "ba" in 0.13 but will change to "sos" in 0.14
Reading 0 ... 649892  =      0.000 ...   541.577 secs...
Setting up low-pass filter at 1 Hz
h_trans_bandwidth chosen to be 2.0 Hz
Filter length of 3960 samples (3.300 sec) selected
Reading 0 ... 649892  =      0.000 ...   541.577 secs...
Setting up low-pass filter at 1 Hz
h_trans_bandwidth chosen to be 2.0 Hz
Filter length of 3960 samples (3.300 sec) selected
preprocess done
100 matching events found
No baseline correction applied
0 projection items activated
100 matching events found
No baseline correction applied
0 projection items activated
Loading data for 100 events and 601 original time points ...
8 bad epochs dropped
Loading data for 100 events and 3601 original time points ...
8 bad epochs dropped
Dropped 3 epochs
block 5.0 saved
getting metadata from raw data form block 1
201 events found
Events id: [226 232]
2325 events found
Events id: [  2   3   4   5   6   7   8  30  40  50  60  61  62  70  80  89  91 100
 101 111 112 113 150 151]
metadata done, preprocesing 7.0
Reading 0 ... 628842  =      0.000 ...   524.035 secs...
Setting up band-pass filter from 1.1e+02 - 1.4e+02 Hz
The default output type is "ba" in 0.13 but will change to "sos" in 0.14
Reading 0 ... 628842  =      0.000 ...   524.035 secs...
Setting up low-pass filter at 1 Hz
h_trans_bandwidth chosen to be 2.0 Hz
Filter length of 3960 samples (3.300 sec) selected
Reading 0 ... 628842  =      0.000 ...   524.035 secs...
Setting up low-pass filter at 1 Hz
h_trans_bandwidth chosen to be 2.0 Hz
Filter length of 3960 samples (3.300 sec) selected
preprocess done
99 matching events found
No baseline correction applied
0 projection items activated
99 matching events found
No baseline correction applied
0 projection items activated
Loading data for 99 events and 601 original time points ...
4 bad epochs dropped
Loading data for 99 events and 3601 original time points ...
6 bad epochs dropped
Dropped 0 epochs
block 6.0 saved
getting metadata from raw data form block 2
203 events found
Events id: [226 232]
2324 events found
Events id: [  2   3   4   5   6   7   8  30  40  50  60  61  62  70  80  89  91 100
 101 111 112 113 150 151]
metadata done, preprocesing 7.0
Reading 0 ... 631565  =      0.000 ...   526.304 secs...
Setting up band-pass filter from 1.1e+02 - 1.4e+02 Hz
The default output type is "ba" in 0.13 but will change to "sos" in 0.14
Reading 0 ... 631565  =      0.000 ...   526.304 secs...
Setting up low-pass filter at 1 Hz
h_trans_bandwidth chosen to be 2.0 Hz
Filter length of 3960 samples (3.300 sec) selected
Reading 0 ... 631565  =      0.000 ...   526.304 secs...
Setting up low-pass filter at 1 Hz
h_trans_bandwidth chosen to be 2.0 Hz
Filter length of 3960 samples (3.300 sec) selected
preprocess done
98 matching events found
No baseline correction applied
0 projection items activated
98 matching events found
No baseline correction applied
0 projection items activated
Loading data for 98 events and 601 original time points ...
3 bad epochs dropped
Loading data for 98 events and 3601 original time points ...
6 bad epochs dropped
Dropped 1 epoch
block 7.0 saved
getting metadata from raw data form block 3
202 events found
Events id: [226 232]
2313 events found
Events id: [  2   3   4   5   6   7   8  30  40  50  60  61  62  70  80  89  91 100
 101 111 112 113 150 151]
metadata done, preprocesing 7.0
Reading 0 ... 627642  =      0.000 ...   523.035 secs...
Setting up band-pass filter from 1.1e+02 - 1.4e+02 Hz
The default output type is "ba" in 0.13 but will change to "sos" in 0.14
Reading 0 ... 627642  =      0.000 ...   523.035 secs...
Setting up low-pass filter at 1 Hz
h_trans_bandwidth chosen to be 2.0 Hz
Filter length of 3960 samples (3.300 sec) selected
Reading 0 ... 627642  =      0.000 ...   523.035 secs...
Setting up low-pass filter at 1 Hz
h_trans_bandwidth chosen to be 2.0 Hz
Filter length of 3960 samples (3.300 sec) selected
preprocess done
98 matching events found
No baseline correction applied
0 projection items activated
98 matching events found
No baseline correction applied
0 projection items activated
Loading data for 98 events and 601 original time points ...
1 bad epochs dropped
Loading data for 98 events and 3601 original time points ...
2 bad epochs dropped
Dropped 1 epoch
block 8.0 saved
