/mnt/homes/home024/gortega/megdata/S19-5_Attractor_20161128_02.ds 20161128
ds directory : /mnt/homes/home024/gortega/megdata/S19-5_Attractor_20161128_02.ds
    res4 data read.
    hc data read.
    Separate EEG position data file read.
    Quaternion matching (desired vs. transformed):
      -3.06   85.97    0.00 mm <->   -3.06   85.97    0.00 mm (orig :  -67.84   56.53 -272.03 mm) diff =    0.000 mm
       3.06  -85.97    0.00 mm <->    3.06  -85.97    0.00 mm (orig :   51.36  -67.43 -267.04 mm) diff =    0.000 mm
      95.59    0.00    0.00 mm <->   95.59   -0.00    0.00 mm (orig :   62.37   58.14 -259.20 mm) diff =    0.000 mm
    Coordinate transformations established.
    Polhemus data for 3 HPI coils added
    Device coordinate locations for 3 HPI coils added
    64 EEG electrode locations assigned to channel info.
    64 EEG locations added to Polhemus data.
    Measurement info composed.
Finding samples for /mnt/homes/home024/gortega/megdata/S19-5_Attractor_20161128_02.ds/S19-5_Attractor_20161128_02.meg4: 
    System clock channel is available, checking which samples are valid.
    1104 x 1200 = 1324800 samples from 405 chs
Finding samples for /mnt/homes/home024/gortega/megdata/S19-5_Attractor_20161128_02.ds/S19-5_Attractor_20161128_02.1_meg4: 
    System clock channel is available, checking which samples are valid.
    1104 x 1200 = 1324800 samples from 405 chs
Finding samples for /mnt/homes/home024/gortega/megdata/S19-5_Attractor_20161128_02.ds/S19-5_Attractor_20161128_02.2_meg4: 
    System clock channel is available, checking which samples are valid.
    564 x 1200 = 676800 samples from 405 chs
    834 samples omitted at the end
Current compensation grade : 0
get metadata from raw data
808 events found
Events id: [225 232]
9366 events found
Events id: [  2   3   4   5   6   7   8  30  40  50  60  61  62  70  80  89  91 100
 101 111 112 113 150 151]
9366 events found
Events id: [  2   3   4   5   6   7   8  30  40  50  60  61  62  70  80  89  91 100
 101 111 112 113 150 151]
getting metadata from raw data form block 0
199 events found
Events id: [225 232]
2312 events found
Events id: [  2   3   4   5   6   7   8  30  40  50  60  61  62  70  80  89  91 100
 101 111 112 113 150 151]
metadata done, preprocesing... 5.0
Reading 0 ... 710812  =      0.000 ...   592.343 secs...
Setting up band-pass filter from 1.1e+02 - 1.4e+02 Hz
The default output type is "ba" in 0.13 but will change to "sos" in 0.14
Reading 0 ... 710812  =      0.000 ...   592.343 secs...
Setting up low-pass filter at 1 Hz
h_trans_bandwidth chosen to be 2.0 Hz
Filter length of 3960 samples (3.300 sec) selected
Reading 0 ... 710812  =      0.000 ...   592.343 secs...
Setting up low-pass filter at 1 Hz
h_trans_bandwidth chosen to be 2.0 Hz
Filter length of 3960 samples (3.300 sec) selected
preprocess done
98 matching events found
No baseline correction applied
0 projection items activated
98 matching events found
No baseline correction applied
0 projection items activated
Loading data for 98 events and 601 original time points ...
7 bad epochs dropped
Loading data for 98 events and 3601 original time points ...
8 bad epochs dropped
Dropped 0 epochs
block 1.0 saved
getting metadata from raw data form block 1
200 events found
Events id: [225 232]
2328 events found
Events id: [  2   3   4   5   6   7   8  30  40  50  60  61  62  70  80  89  91 100
 101 111 112 113 150 151]
metadata done, preprocesing... 5.0
Reading 0 ... 717588  =      0.000 ...   597.990 secs...
Setting up band-pass filter from 1.1e+02 - 1.4e+02 Hz
The default output type is "ba" in 0.13 but will change to "sos" in 0.14
Reading 0 ... 717588  =      0.000 ...   597.990 secs...
Setting up low-pass filter at 1 Hz
h_trans_bandwidth chosen to be 2.0 Hz
Filter length of 3960 samples (3.300 sec) selected
Reading 0 ... 717588  =      0.000 ...   597.990 secs...
Setting up low-pass filter at 1 Hz
h_trans_bandwidth chosen to be 2.0 Hz
Filter length of 3960 samples (3.300 sec) selected
preprocess done
98 matching events found
No baseline correction applied
0 projection items activated
98 matching events found
No baseline correction applied
0 projection items activated
Loading data for 98 events and 601 original time points ...
6 bad epochs dropped
Loading data for 98 events and 3601 original time points ...
9 bad epochs dropped
Dropped 0 epochs
block 2.0 saved
getting metadata from raw data form block 2
199 events found
Events id: [225 232]
2319 events found
Events id: [  2   3   4   5   6   7   8  30  40  50  60  61  62  70  80  89  91 100
 101 111 112 113 150 151]
metadata done, preprocesing... 5.0
Reading 0 ... 733342  =      0.000 ...   611.118 secs...
Setting up band-pass filter from 1.1e+02 - 1.4e+02 Hz
The default output type is "ba" in 0.13 but will change to "sos" in 0.14
Reading 0 ... 733342  =      0.000 ...   611.118 secs...
Setting up low-pass filter at 1 Hz
h_trans_bandwidth chosen to be 2.0 Hz
Filter length of 3960 samples (3.300 sec) selected
Reading 0 ... 733342  =      0.000 ...   611.118 secs...
Setting up low-pass filter at 1 Hz
h_trans_bandwidth chosen to be 2.0 Hz
Filter length of 3960 samples (3.300 sec) selected
preprocess done
98 matching events found
No baseline correction applied
0 projection items activated
98 matching events found
No baseline correction applied
0 projection items activated
Loading data for 98 events and 601 original time points ...
14 bad epochs dropped
Loading data for 98 events and 3601 original time points ...
18 bad epochs dropped
Dropped 3 epochs
block 3.0 saved
getting metadata from raw data form block 3
207 events found
Events id: [225 232]
2403 events found
Events id: [  2   3   4   5   6   7   8  30  40  50  60  61  62  70  80  89  91 100
 101 111 112 113 150 151]
metadata done, preprocesing... 5.0
Reading 0 ... 786721  =      0.000 ...   655.601 secs...
Setting up band-pass filter from 1.1e+02 - 1.4e+02 Hz
The default output type is "ba" in 0.13 but will change to "sos" in 0.14
Reading 0 ... 786721  =      0.000 ...   655.601 secs...
Setting up low-pass filter at 1 Hz
h_trans_bandwidth chosen to be 2.0 Hz
Filter length of 3960 samples (3.300 sec) selected
Reading 0 ... 786721  =      0.000 ...   655.601 secs...
Setting up low-pass filter at 1 Hz
h_trans_bandwidth chosen to be 2.0 Hz
Filter length of 3960 samples (3.300 sec) selected
preprocess done
99 matching events found
No baseline correction applied
0 projection items activated
99 matching events found
No baseline correction applied
0 projection items activated
Loading data for 99 events and 601 original time points ...
9 bad epochs dropped
Loading data for 99 events and 3601 original time points ...
15 bad epochs dropped
Dropped 2 epochs
block 4.0 saved
/mnt/homes/home024/gortega/megdata/S19-5_Attractor_20161128_03.ds 20161128
ds directory : /mnt/homes/home024/gortega/megdata/S19-5_Attractor_20161128_03.ds
    res4 data read.
    hc data read.
    Separate EEG position data file read.
    Quaternion matching (desired vs. transformed):
      -3.66   86.39    0.00 mm <->   -3.66   86.39    0.00 mm (orig :  -67.91   57.69 -271.89 mm) diff =    0.000 mm
       3.66  -86.39    0.00 mm <->    3.66  -86.39    0.00 mm (orig :   49.49  -69.20 -266.81 mm) diff =    0.000 mm
      95.52    0.00    0.00 mm <->   95.52   -0.00   -0.00 mm (orig :   63.12   56.02 -260.60 mm) diff =    0.000 mm
    Coordinate transformations established.
    Polhemus data for 3 HPI coils added
    Device coordinate locations for 3 HPI coils added
    64 EEG electrode locations assigned to channel info.
    64 EEG locations added to Polhemus data.
    Measurement info composed.
Finding samples for /mnt/homes/home024/gortega/megdata/S19-5_Attractor_20161128_03.ds/S19-5_Attractor_20161128_03.meg4: 
    System clock channel is available, checking which samples are valid.
    1104 x 1200 = 1324800 samples from 405 chs
Finding samples for /mnt/homes/home024/gortega/megdata/S19-5_Attractor_20161128_03.ds/S19-5_Attractor_20161128_03.1_meg4: 
    System clock channel is available, checking which samples are valid.
    205 x 1200 = 246000 samples from 405 chs
    1146 samples omitted at the end
Current compensation grade : 0
get metadata from raw data
405 events found
Events id: [225 232]
4694 events found
Events id: [  2   3   4   5   6   7   8  30  40  50  60  61  62  70  80  89  91 100
 101 111 112 113 150 151]
4694 events found
Events id: [  2   3   4   5   6   7   8  30  40  50  60  61  62  70  80  89  91 100
 101 111 112 113 150 151]
getting metadata from raw data form block 0
201 events found
Events id: [225 232]
2314 events found
Events id: [  2   3   4   5   6   7   8  30  40  50  60  61  62  70  80  89  91 100
 101 111 112 113 150 151]
metadata done, preprocesing... 5.0
Reading 0 ... 676225  =      0.000 ...   563.521 secs...
Setting up band-pass filter from 1.1e+02 - 1.4e+02 Hz
The default output type is "ba" in 0.13 but will change to "sos" in 0.14
Reading 0 ... 676225  =      0.000 ...   563.521 secs...
Setting up low-pass filter at 1 Hz
h_trans_bandwidth chosen to be 2.0 Hz
Filter length of 3960 samples (3.300 sec) selected
Reading 0 ... 676225  =      0.000 ...   563.521 secs...
Setting up low-pass filter at 1 Hz
h_trans_bandwidth chosen to be 2.0 Hz
Filter length of 3960 samples (3.300 sec) selected
preprocess done
98 matching events found
No baseline correction applied
0 projection items activated
98 matching events found
No baseline correction applied
0 projection items activated
Loading data for 98 events and 601 original time points ...
5 bad epochs dropped
Loading data for 98 events and 3601 original time points ...
5 bad epochs dropped
Dropped 2 epochs
block 5.0 saved
getting metadata from raw data form block 1
204 events found
Events id: [225 232]
2378 events found
Events id: [  2   3   4   5   6   7   8  30  40  50  60  61  62  70  80  89  91 100
 101 111 112 113 150 151]
metadata done, preprocesing... 5.0
Reading 0 ... 741102  =      0.000 ...   617.585 secs...
Setting up band-pass filter from 1.1e+02 - 1.4e+02 Hz
The default output type is "ba" in 0.13 but will change to "sos" in 0.14
Reading 0 ... 741102  =      0.000 ...   617.585 secs...
Setting up low-pass filter at 1 Hz
h_trans_bandwidth chosen to be 2.0 Hz
Filter length of 3960 samples (3.300 sec) selected
Reading 0 ... 741102  =      0.000 ...   617.585 secs...
Setting up low-pass filter at 1 Hz
h_trans_bandwidth chosen to be 2.0 Hz
Filter length of 3960 samples (3.300 sec) selected
preprocess done
99 matching events found
No baseline correction applied
0 projection items activated
99 matching events found
No baseline correction applied
0 projection items activated
Loading data for 99 events and 601 original time points ...
5 bad epochs dropped
Loading data for 99 events and 3601 original time points ...
14 bad epochs dropped
Dropped 2 epochs
block 6.0 saved
/mnt/homes/home024/gortega/megdata/S19-6_Attractor_20161129_01.ds 20161129
ds directory : /mnt/homes/home024/gortega/megdata/S19-6_Attractor_20161129_01.ds
    res4 data read.
    hc data read.
    Separate EEG position data file read.
    Quaternion matching (desired vs. transformed):
      -0.57   87.01    0.00 mm <->   -0.57   87.01    0.00 mm (orig :  -73.57   51.93 -260.16 mm) diff =    0.000 mm
       0.57  -87.01    0.00 mm <->    0.57  -87.01    0.00 mm (orig :   44.19  -76.18 -261.42 mm) diff =    0.000 mm
     108.13    0.00    0.00 mm <->  108.13    0.00    0.00 mm (orig :   64.85   59.89 -247.44 mm) diff =    0.000 mm
    Coordinate transformations established.
    Polhemus data for 3 HPI coils added
    Device coordinate locations for 3 HPI coils added
    64 EEG electrode locations assigned to channel info.
    64 EEG locations added to Polhemus data.
    Measurement info composed.
Finding samples for /mnt/homes/home024/gortega/megdata/S19-6_Attractor_20161129_01.ds/S19-6_Attractor_20161129_01.meg4: 
    System clock channel is available, checking which samples are valid.
    1104 x 1200 = 1324800 samples from 405 chs
Finding samples for /mnt/homes/home024/gortega/megdata/S19-6_Attractor_20161129_01.ds/S19-6_Attractor_20161129_01.1_meg4: 
    System clock channel is available, checking which samples are valid.
    1104 x 1200 = 1324800 samples from 405 chs
Finding samples for /mnt/homes/home024/gortega/megdata/S19-6_Attractor_20161129_01.ds/S19-6_Attractor_20161129_01.2_meg4: 
    System clock channel is available, checking which samples are valid.
    484 x 1200 = 580800 samples from 405 chs
    399 samples omitted at the end
Current compensation grade : 0
get metadata from raw data
806 events found
Events id: [225 232]
9335 events found
Events id: [  2   3   4   5   6   7   8  30  40  50  60  61  62  70  80  89  91 100
 101 111 112 113 150 151]
9335 events found
Events id: [  2   3   4   5   6   7   8  30  40  50  60  61  62  70  80  89  91 100
 101 111 112 113 150 151]
getting metadata from raw data form block 0
201 events found
Events id: [225 232]
2357 events found
Events id: [  2   3   4   5   6   7   8  30  40  50  60  61  62  70  80  89  91 100
 101 111 112 113 150 151]
metadata done, preprocesing... 6.0
Reading 0 ... 661967  =      0.000 ...   551.639 secs...
Setting up band-pass filter from 1.1e+02 - 1.4e+02 Hz
The default output type is "ba" in 0.13 but will change to "sos" in 0.14
Reading 0 ... 661967  =      0.000 ...   551.639 secs...
Setting up low-pass filter at 1 Hz
h_trans_bandwidth chosen to be 2.0 Hz
Filter length of 3960 samples (3.300 sec) selected
Reading 0 ... 661967  =      0.000 ...   551.639 secs...
Setting up low-pass filter at 1 Hz
h_trans_bandwidth chosen to be 2.0 Hz
Filter length of 3960 samples (3.300 sec) selected
preprocess done
98 matching events found
No baseline correction applied
0 projection items activated
98 matching events found
No baseline correction applied
0 projection items activated
Loading data for 98 events and 601 original time points ...
3 bad epochs dropped
Loading data for 98 events and 3601 original time points ...
8 bad epochs dropped
Dropped 1 epoch
block 1.0 saved
getting metadata from raw data form block 1
202 events found
Events id: [225 232]
2327 events found
Events id: [  2   3   4   5   6   7   8  30  40  50  60  61  62  70  80  89  91 100
 101 111 112 113 150 151]
metadata done, preprocesing... 6.0
Reading 0 ... 696842  =      0.000 ...   580.702 secs...
Setting up band-pass filter from 1.1e+02 - 1.4e+02 Hz
The default output type is "ba" in 0.13 but will change to "sos" in 0.14
Reading 0 ... 696842  =      0.000 ...   580.702 secs...
Setting up low-pass filter at 1 Hz
h_trans_bandwidth chosen to be 2.0 Hz
Filter length of 3960 samples (3.300 sec) selected
Reading 0 ... 696842  =      0.000 ...   580.702 secs...
Setting up low-pass filter at 1 Hz
h_trans_bandwidth chosen to be 2.0 Hz
Filter length of 3960 samples (3.300 sec) selected
preprocess done
98 matching events found
No baseline correction applied
0 projection items activated
98 matching events found
No baseline correction applied
0 projection items activated
Loading data for 98 events and 601 original time points ...
8 bad epochs dropped
Loading data for 98 events and 3601 original time points ...
10 bad epochs dropped
Dropped 0 epochs
block 2.0 saved
getting metadata from raw data form block 2
201 events found
Events id: [225 232]
2311 events found
Events id: [  2   3   4   5   6   7   8  30  40  50  60  61  62  70  80  89  91 100
 101 111 112 113 150 151]
metadata done, preprocesing... 6.0
Reading 0 ... 691690  =      0.000 ...   576.408 secs...
Setting up band-pass filter from 1.1e+02 - 1.4e+02 Hz
The default output type is "ba" in 0.13 but will change to "sos" in 0.14
Reading 0 ... 691690  =      0.000 ...   576.408 secs...
Setting up low-pass filter at 1 Hz
h_trans_bandwidth chosen to be 2.0 Hz
Filter length of 3960 samples (3.300 sec) selected
Reading 0 ... 691690  =      0.000 ...   576.408 secs...
Setting up low-pass filter at 1 Hz
h_trans_bandwidth chosen to be 2.0 Hz
Filter length of 3960 samples (3.300 sec) selected
preprocess done
98 matching events found
No baseline correction applied
0 projection items activated
98 matching events found
No baseline correction applied
0 projection items activated
Loading data for 98 events and 601 original time points ...
10 bad epochs dropped
Loading data for 98 events and 3601 original time points ...
11 bad epochs dropped
Dropped 3 epochs
block 3.0 saved
getting metadata from raw data form block 3
201 events found
Events id: [225 232]
2336 events found
Events id: [  2   3   4   5   6   7   8  30  40  50  60  61  62  70  80  89  91 100
 101 111 112 113 150 151]
metadata done, preprocesing... 6.0
Reading 0 ... 662404  =      0.000 ...   552.003 secs...
Setting up band-pass filter from 1.1e+02 - 1.4e+02 Hz
The default output type is "ba" in 0.13 but will change to "sos" in 0.14
Reading 0 ... 662404  =      0.000 ...   552.003 secs...
Setting up low-pass filter at 1 Hz
h_trans_bandwidth chosen to be 2.0 Hz
Filter length of 3960 samples (3.300 sec) selected
Reading 0 ... 662404  =      0.000 ...   552.003 secs...
Setting up low-pass filter at 1 Hz
h_trans_bandwidth chosen to be 2.0 Hz
Filter length of 3960 samples (3.300 sec) selected
preprocess done
98 matching events found
No baseline correction applied
0 projection items activated
98 matching events found
No baseline correction applied
0 projection items activated
Loading data for 98 events and 601 original time points ...
10 bad epochs dropped
Loading data for 98 events and 3601 original time points ...
12 bad epochs dropped
Dropped 1 epoch
block 4.0 saved
/mnt/homes/home024/gortega/megdata/S19-6_Attractor_20161129_02.ds 20161129
ds directory : /mnt/homes/home024/gortega/megdata/S19-6_Attractor_20161129_02.ds
    res4 data read.
    hc data read.
    Separate EEG position data file read.
    Quaternion matching (desired vs. transformed):
      -0.75   88.19    0.00 mm <->   -0.75   88.19    0.00 mm (orig :  -78.02   47.88 -261.87 mm) diff =    0.000 mm
       0.75  -88.19    0.00 mm <->    0.75  -88.19    0.00 mm (orig :   41.15  -82.15 -260.62 mm) diff =    0.000 mm
     108.66    0.00    0.00 mm <->  108.66    0.00    0.00 mm (orig :   62.28   55.60 -260.05 mm) diff =    0.000 mm
    Coordinate transformations established.
    Polhemus data for 3 HPI coils added
    Device coordinate locations for 3 HPI coils added
    64 EEG electrode locations assigned to channel info.
    64 EEG locations added to Polhemus data.
    Measurement info composed.
Finding samples for /mnt/homes/home024/gortega/megdata/S19-6_Attractor_20161129_02.ds/S19-6_Attractor_20161129_02.meg4: 
    System clock channel is available, checking which samples are valid.
    1104 x 1200 = 1324800 samples from 405 chs
Finding samples for /mnt/homes/home024/gortega/megdata/S19-6_Attractor_20161129_02.ds/S19-6_Attractor_20161129_02.1_meg4: 
    System clock channel is available, checking which samples are valid.
    759 x 1200 = 910800 samples from 405 chs
    165 samples omitted at the end
Current compensation grade : 0
get metadata from raw data
613 events found
Events id: [225 232]
7034 events found
Events id: [  2   3   4   5   6   7   8  30  40  50  60  61  62  70  80  89  91 100
 101 111 112 113 150 151]
7034 events found
Events id: [  2   3   4   5   6   7   8  30  40  50  60  61  62  70  80  89  91 100
 101 111 112 113 150 151]
getting metadata from raw data form block 0
205 events found
Events id: [225 232]
2375 events found
Events id: [  2   3   4   5   6   7   8  30  40  50  60  61  62  70  80  89  91 100
 101 111 112 113 150 151]
metadata done, preprocesing... 6.0
Reading 0 ... 670596  =      0.000 ...   558.830 secs...
Setting up band-pass filter from 1.1e+02 - 1.4e+02 Hz
The default output type is "ba" in 0.13 but will change to "sos" in 0.14
Reading 0 ... 670596  =      0.000 ...   558.830 secs...
Setting up low-pass filter at 1 Hz
h_trans_bandwidth chosen to be 2.0 Hz
Filter length of 3960 samples (3.300 sec) selected
Reading 0 ... 670596  =      0.000 ...   558.830 secs...
Setting up low-pass filter at 1 Hz
h_trans_bandwidth chosen to be 2.0 Hz
Filter length of 3960 samples (3.300 sec) selected
preprocess done
98 matching events found
No baseline correction applied
0 projection items activated
98 matching events found
No baseline correction applied
0 projection items activated
Loading data for 98 events and 601 original time points ...
7 bad epochs dropped
Loading data for 98 events and 3601 original time points ...
10 bad epochs dropped
Dropped 0 epochs
block 5.0 saved
getting metadata from raw data form block 1
202 events found
Events id: [225 232]
2326 events found
Events id: [  2   3   4   5   6   7   8  30  40  50  60  61  62  70  80  89  91 100
 101 111 112 113 150 151]
metadata done, preprocesing... 6.0
Reading 0 ... 666125  =      0.000 ...   555.104 secs...
Setting up band-pass filter from 1.1e+02 - 1.4e+02 Hz
The default output type is "ba" in 0.13 but will change to "sos" in 0.14
Reading 0 ... 666125  =      0.000 ...   555.104 secs...
Setting up low-pass filter at 1 Hz
h_trans_bandwidth chosen to be 2.0 Hz
Filter length of 3960 samples (3.300 sec) selected
Reading 0 ... 666125  =      0.000 ...   555.104 secs...
Setting up low-pass filter at 1 Hz
h_trans_bandwidth chosen to be 2.0 Hz
Filter length of 3960 samples (3.300 sec) selected
preprocess done
98 matching events found
No baseline correction applied
0 projection items activated
98 matching events found
No baseline correction applied
0 projection items activated
Loading data for 98 events and 601 original time points ...
9 bad epochs dropped
Loading data for 98 events and 3601 original time points ...
9 bad epochs dropped
Dropped 2 epochs
block 6.0 saved
getting metadata from raw data form block 2
206 events found
Events id: [225 232]
2330 events found
Events id: [  2   3   4   5   6   7   8  30  40  50  60  61  62  70  80  89  91 100
 101 111 112 113 150 151]
metadata done, preprocesing... 6.0
Reading 0 ... 657744  =      0.000 ...   548.120 secs...
Setting up band-pass filter from 1.1e+02 - 1.4e+02 Hz
The default output type is "ba" in 0.13 but will change to "sos" in 0.14
Reading 0 ... 657744  =      0.000 ...   548.120 secs...
Setting up low-pass filter at 1 Hz
h_trans_bandwidth chosen to be 2.0 Hz
Filter length of 3960 samples (3.300 sec) selected
Reading 0 ... 657744  =      0.000 ...   548.120 secs...
Setting up low-pass filter at 1 Hz
h_trans_bandwidth chosen to be 2.0 Hz
Filter length of 3960 samples (3.300 sec) selected
preprocess done
98 matching events found
No baseline correction applied
0 projection items activated
98 matching events found
No baseline correction applied
0 projection items activated
Loading data for 98 events and 601 original time points ...
13 bad epochs dropped
Loading data for 98 events and 3601 original time points ...
15 bad epochs dropped
Dropped 1 epoch
block 7.0 saved
/mnt/homes/home024/gortega/megdata/S19-7_Attractor_20161130_01.ds 20161130
ds directory : /mnt/homes/home024/gortega/megdata/S19-7_Attractor_20161130_01.ds
    res4 data read.
    hc data read.
    Separate EEG position data file read.
    Quaternion matching (desired vs. transformed):
       0.23   85.14    0.00 mm <->    0.23   85.14    0.00 mm (orig :  -74.37   43.83 -260.71 mm) diff =    0.000 mm
      -0.23  -85.14    0.00 mm <->   -0.23  -85.14   -0.00 mm (orig :   44.94  -77.65 -261.75 mm) diff =    0.000 mm
     105.29    0.00    0.00 mm <->  105.29    0.00   -0.00 mm (orig :   60.19   57.07 -262.58 mm) diff =    0.000 mm
    Coordinate transformations established.
    Polhemus data for 3 HPI coils added
    Device coordinate locations for 3 HPI coils added
    64 EEG electrode locations assigned to channel info.
    64 EEG locations added to Polhemus data.
    Measurement info composed.
Finding samples for /mnt/homes/home024/gortega/megdata/S19-7_Attractor_20161130_01.ds/S19-7_Attractor_20161130_01.meg4: 
    System clock channel is available, checking which samples are valid.
    1104 x 1200 = 1324800 samples from 405 chs
Finding samples for /mnt/homes/home024/gortega/megdata/S19-7_Attractor_20161130_01.ds/S19-7_Attractor_20161130_01.1_meg4: 
    System clock channel is available, checking which samples are valid.
    1104 x 1200 = 1324800 samples from 405 chs
Finding samples for /mnt/homes/home024/gortega/megdata/S19-7_Attractor_20161130_01.ds/S19-7_Attractor_20161130_01.2_meg4: 
    System clock channel is available, checking which samples are valid.
    371 x 1200 = 445200 samples from 405 chs
    39 samples omitted at the end
Current compensation grade : 0
get metadata from raw data
805 events found
Events id: [225 232]
9331 events found
Events id: [  2   3   4   5   6   7   8  30  40  50  60  61  62  70  80  89  91 100
 101 111 112 113 150 151]
9331 events found
Events id: [  2   3   4   5   6   7   8  30  40  50  60  61  62  70  80  89  91 100
 101 111 112 113 150 151]
getting metadata from raw data form block 0
199 events found
Events id: [225 232]
2317 events found
Events id: [  2   3   4   5   6   7   8  30  40  50  60  61  62  70  80  89  91 100
 101 111 112 113 150 151]
metadata done, preprocesing... 7.0
Reading 0 ... 648369  =      0.000 ...   540.308 secs...
Setting up band-pass filter from 1.1e+02 - 1.4e+02 Hz
The default output type is "ba" in 0.13 but will change to "sos" in 0.14
Reading 0 ... 648369  =      0.000 ...   540.308 secs...
Setting up low-pass filter at 1 Hz
h_trans_bandwidth chosen to be 2.0 Hz
Filter length of 3960 samples (3.300 sec) selected
Reading 0 ... 648369  =      0.000 ...   540.308 secs...
Setting up low-pass filter at 1 Hz
h_trans_bandwidth chosen to be 2.0 Hz
Filter length of 3960 samples (3.300 sec) selected
preprocess done
98 matching events found
No baseline correction applied
0 projection items activated
98 matching events found
No baseline correction applied
0 projection items activated
Loading data for 98 events and 601 original time points ...
6 bad epochs dropped
Loading data for 98 events and 3601 original time points ...
10 bad epochs dropped
Dropped 0 epochs
block 1.0 saved
getting metadata from raw data form block 1
203 events found
Events id: [225 232]
2343 events found
Events id: [  2   3   4   5   6   7   8  30  40  50  60  61  62  70  80  89  91 100
 101 111 112 113 150 151]
metadata done, preprocesing... 7.0
Reading 0 ... 659458  =      0.000 ...   549.548 secs...
Setting up band-pass filter from 1.1e+02 - 1.4e+02 Hz
The default output type is "ba" in 0.13 but will change to "sos" in 0.14
Reading 0 ... 659458  =      0.000 ...   549.548 secs...
Setting up low-pass filter at 1 Hz
h_trans_bandwidth chosen to be 2.0 Hz
Filter length of 3960 samples (3.300 sec) selected
Reading 0 ... 659458  =      0.000 ...   549.548 secs...
Setting up low-pass filter at 1 Hz
h_trans_bandwidth chosen to be 2.0 Hz
Filter length of 3960 samples (3.300 sec) selected
preprocess done
98 matching events found
No baseline correction applied
0 projection items activated
98 matching events found
No baseline correction applied
0 projection items activated
Loading data for 98 events and 601 original time points ...
15 bad epochs dropped
Loading data for 98 events and 3601 original time points ...
17 bad epochs dropped
Dropped 3 epochs
block 2.0 saved
getting metadata from raw data form block 2
201 events found
Events id: [225 232]
2335 events found
Events id: [  2   3   4   5   6   7   8  30  40  50  60  61  62  70  80  89  91 100
 101 111 112 113 150 151]
metadata done, preprocesing... 7.0
Reading 0 ... 665000  =      0.000 ...   554.167 secs...
Setting up band-pass filter from 1.1e+02 - 1.4e+02 Hz
The default output type is "ba" in 0.13 but will change to "sos" in 0.14
Reading 0 ... 665000  =      0.000 ...   554.167 secs...
Setting up low-pass filter at 1 Hz
h_trans_bandwidth chosen to be 2.0 Hz
Filter length of 3960 samples (3.300 sec) selected
Reading 0 ... 665000  =      0.000 ...   554.167 secs...
Setting up low-pass filter at 1 Hz
h_trans_bandwidth chosen to be 2.0 Hz
Filter length of 3960 samples (3.300 sec) selected
preprocess done
98 matching events found
No baseline correction applied
0 projection items activated
98 matching events found
No baseline correction applied
0 projection items activated
Loading data for 98 events and 601 original time points ...
20 bad epochs dropped
Loading data for 98 events and 3601 original time points ...
22 bad epochs dropped
Dropped 3 epochs
block 3.0 saved
getting metadata from raw data form block 3
202 events found
Events id: [225 232]
2332 events found
Events id: [  2   3   4   5   6   7   8  30  40  50  60  61  62  70  80  89  91 100
 101 111 112 113 150 151]
metadata done, preprocesing... 7.0
Reading 0 ... 654443  =      0.000 ...   545.369 secs...
Setting up band-pass filter from 1.1e+02 - 1.4e+02 Hz
The default output type is "ba" in 0.13 but will change to "sos" in 0.14
Reading 0 ... 654443  =      0.000 ...   545.369 secs...
Setting up low-pass filter at 1 Hz
h_trans_bandwidth chosen to be 2.0 Hz
Filter length of 3960 samples (3.300 sec) selected
Reading 0 ... 654443  =      0.000 ...   545.369 secs...
Setting up low-pass filter at 1 Hz
h_trans_bandwidth chosen to be 2.0 Hz
Filter length of 3960 samples (3.300 sec) selected
preprocess done
98 matching events found
No baseline correction applied
0 projection items activated
98 matching events found
No baseline correction applied
0 projection items activated
Loading data for 98 events and 601 original time points ...
5 bad epochs dropped
Loading data for 98 events and 3601 original time points ...
9 bad epochs dropped
Dropped 1 epoch
block 4.0 saved
/mnt/homes/home024/gortega/megdata/S19-7_Attractor_20161130_02.ds 20161130
ds directory : /mnt/homes/home024/gortega/megdata/S19-7_Attractor_20161130_02.ds
    res4 data read.
    hc data read.
    Separate EEG position data file read.
    Quaternion matching (desired vs. transformed):
       0.54   85.98    0.00 mm <->    0.54   85.98   -0.00 mm (orig :  -74.42   50.05 -281.71 mm) diff =    0.000 mm
      -0.54  -85.98    0.00 mm <->   -0.54  -85.98   -0.00 mm (orig :   40.10  -78.23 -280.67 mm) diff =    0.000 mm
     106.45    0.00    0.00 mm <->  106.45   -0.00   -0.00 mm (orig :   61.63   57.20 -274.68 mm) diff =    0.000 mm
    Coordinate transformations established.
    Polhemus data for 3 HPI coils added
    Device coordinate locations for 3 HPI coils added
    64 EEG electrode locations assigned to channel info.
    64 EEG locations added to Polhemus data.
    Measurement info composed.
Finding samples for /mnt/homes/home024/gortega/megdata/S19-7_Attractor_20161130_02.ds/S19-7_Attractor_20161130_02.meg4: 
    System clock channel is available, checking which samples are valid.
    1104 x 1200 = 1324800 samples from 405 chs
Finding samples for /mnt/homes/home024/gortega/megdata/S19-7_Attractor_20161130_02.ds/S19-7_Attractor_20161130_02.1_meg4: 
    System clock channel is available, checking which samples are valid.
    1104 x 1200 = 1324800 samples from 405 chs
Finding samples for /mnt/homes/home024/gortega/megdata/S19-7_Attractor_20161130_02.ds/S19-7_Attractor_20161130_02.2_meg4: 
    System clock channel is available, checking which samples are valid.
    303 x 1200 = 363600 samples from 405 chs
    342 samples omitted at the end
Current compensation grade : 0
get metadata from raw data
823 events found
Events id: [225 232]
9543 events found
Events id: [  2   3   4   5   6   7   8  30  40  50  60  61  62  70  80  89  91 100
 101 111 112 113 150 151]
9543 events found
Events id: [  2   3   4   5   6   7   8  30  40  50  60  61  62  70  80  89  91 100
 101 111 112 113 150 151]
getting metadata from raw data form block 0
205 events found
Events id: [225 232]
2381 events found
Events id: [  2   3   4   5   6   7   8  30  40  50  60  61  62  70  80  89  91 100
 101 111 112 113 150 151]
metadata done, preprocesing... 7.0
Reading 0 ... 651945  =      0.000 ...   543.288 secs...
Setting up band-pass filter from 1.1e+02 - 1.4e+02 Hz
The default output type is "ba" in 0.13 but will change to "sos" in 0.14
Reading 0 ... 651945  =      0.000 ...   543.288 secs...
Setting up low-pass filter at 1 Hz
h_trans_bandwidth chosen to be 2.0 Hz
Filter length of 3960 samples (3.300 sec) selected
Reading 0 ... 651945  =      0.000 ...   543.288 secs...
Setting up low-pass filter at 1 Hz
h_trans_bandwidth chosen to be 2.0 Hz
Filter length of 3960 samples (3.300 sec) selected
preprocess done
98 matching events found
No baseline correction applied
0 projection items activated
98 matching events found
No baseline correction applied
0 projection items activated
Loading data for 98 events and 601 original time points ...
5 bad epochs dropped
Loading data for 98 events and 3601 original time points ...
9 bad epochs dropped
Dropped 1 epoch
block 5.0 saved
getting metadata from raw data form block 1
200 events found
Events id: [225 232]
2317 events found
Events id: [  2   3   4   5   6   7   8  30  40  50  60  61  62  70  80  89  91 100
 101 111 112 113 150 151]
metadata done, preprocesing... 7.0
Reading 0 ... 640105  =      0.000 ...   533.421 secs...
Setting up band-pass filter from 1.1e+02 - 1.4e+02 Hz
The default output type is "ba" in 0.13 but will change to "sos" in 0.14
Reading 0 ... 640105  =      0.000 ...   533.421 secs...
Setting up low-pass filter at 1 Hz
h_trans_bandwidth chosen to be 2.0 Hz
Filter length of 3960 samples (3.300 sec) selected
Reading 0 ... 640105  =      0.000 ...   533.421 secs...
Setting up low-pass filter at 1 Hz
h_trans_bandwidth chosen to be 2.0 Hz
Filter length of 3960 samples (3.300 sec) selected
preprocess done
98 matching events found
No baseline correction applied
0 projection items activated
98 matching events found
No baseline correction applied
0 projection items activated
Loading data for 98 events and 601 original time points ...
7 bad epochs dropped
Loading data for 98 events and 3601 original time points ...
15 bad epochs dropped
Dropped 0 epochs
block 6.0 saved
getting metadata from raw data form block 2
211 events found
Events id: [225 232]
2456 events found
Events id: [  2   3   4   5   6   7   8  30  40  50  60  61  62  70  80  89  91 100
 101 111 112 113 150 151]
metadata done, preprocesing... 7.0
Reading 0 ... 667873  =      0.000 ...   556.561 secs...
Setting up band-pass filter from 1.1e+02 - 1.4e+02 Hz
The default output type is "ba" in 0.13 but will change to "sos" in 0.14
Reading 0 ... 667873  =      0.000 ...   556.561 secs...
Setting up low-pass filter at 1 Hz
h_trans_bandwidth chosen to be 2.0 Hz
Filter length of 3960 samples (3.300 sec) selected
Reading 0 ... 667873  =      0.000 ...   556.561 secs...
Setting up low-pass filter at 1 Hz
h_trans_bandwidth chosen to be 2.0 Hz
Filter length of 3960 samples (3.300 sec) selected
preprocess done
98 matching events found
No baseline correction applied
0 projection items activated
98 matching events found
No baseline correction applied
0 projection items activated
Loading data for 98 events and 601 original time points ...
8 bad epochs dropped
Loading data for 98 events and 3601 original time points ...
5 bad epochs dropped
Dropped 3 epochs
block 7.0 saved
getting metadata from raw data form block 3
207 events found
Events id: [225 232]
2385 events found
Events id: [  2   3   4   5   6   7   8  30  40  50  60  61  62  70  80  89  91 100
 101 111 112 113 150 151]
metadata done, preprocesing... 7.0
Reading 0 ... 646745  =      0.000 ...   538.954 secs...
Setting up band-pass filter from 1.1e+02 - 1.4e+02 Hz
The default output type is "ba" in 0.13 but will change to "sos" in 0.14
Reading 0 ... 646745  =      0.000 ...   538.954 secs...
Setting up low-pass filter at 1 Hz
h_trans_bandwidth chosen to be 2.0 Hz
Filter length of 3960 samples (3.300 sec) selected
Reading 0 ... 646745  =      0.000 ...   538.954 secs...
Setting up low-pass filter at 1 Hz
h_trans_bandwidth chosen to be 2.0 Hz
Filter length of 3960 samples (3.300 sec) selected
preprocess done
98 matching events found
No baseline correction applied
0 projection items activated
98 matching events found
No baseline correction applied
0 projection items activated
Loading data for 98 events and 601 original time points ...
4 bad epochs dropped
Loading data for 98 events and 3601 original time points ...
9 bad epochs dropped
Dropped 1 epoch
block 8.0 saved
