/mnt/homes/home024/gortega/megdata/S7-5_Attractor_20161103_01.ds 20161103
ds directory : /mnt/homes/home024/gortega/megdata/S7-5_Attractor_20161103_01.ds
    res4 data read.
    hc data read.
    Separate EEG position data file read.
    Quaternion matching (desired vs. transformed):
       0.50   82.45    0.00 mm <->    0.50   82.45    0.00 mm (orig :  -70.99   45.94 -250.14 mm) diff =    0.000 mm
      -0.50  -82.45    0.00 mm <->   -0.50  -82.45    0.00 mm (orig :   38.51  -77.35 -250.93 mm) diff =    0.000 mm
     108.08    0.00    0.00 mm <->  108.08    0.00    0.00 mm (orig :   64.11   56.50 -247.07 mm) diff =    0.000 mm
    Coordinate transformations established.
    Polhemus data for 3 HPI coils added
    Device coordinate locations for 3 HPI coils added
    64 EEG electrode locations assigned to channel info.
    64 EEG locations added to Polhemus data.
    Measurement info composed.
Finding samples for /mnt/homes/home024/gortega/megdata/S7-5_Attractor_20161103_01.ds/S7-5_Attractor_20161103_01.meg4: 
    System clock channel is available, checking which samples are valid.
    1104 x 1200 = 1324800 samples from 405 chs
Finding samples for /mnt/homes/home024/gortega/megdata/S7-5_Attractor_20161103_01.ds/S7-5_Attractor_20161103_01.1_meg4: 
    System clock channel is available, checking which samples are valid.
    1104 x 1200 = 1324800 samples from 405 chs
Finding samples for /mnt/homes/home024/gortega/megdata/S7-5_Attractor_20161103_01.ds/S7-5_Attractor_20161103_01.2_meg4: 
    System clock channel is available, checking which samples are valid.
    1104 x 1200 = 1324800 samples from 405 chs
Finding samples for /mnt/homes/home024/gortega/megdata/S7-5_Attractor_20161103_01.ds/S7-5_Attractor_20161103_01.3_meg4: 
    System clock channel is available, checking which samples are valid.
    1104 x 1200 = 1324800 samples from 405 chs
Finding samples for /mnt/homes/home024/gortega/megdata/S7-5_Attractor_20161103_01.ds/S7-5_Attractor_20161103_01.4_meg4: 
    System clock channel is available, checking which samples are valid.
    1104 x 1200 = 1324800 samples from 405 chs
Finding samples for /mnt/homes/home024/gortega/megdata/S7-5_Attractor_20161103_01.ds/S7-5_Attractor_20161103_01.5_meg4: 
    System clock channel is available, checking which samples are valid.
    480 x 1200 = 576000 samples from 405 chs
Current compensation grade : 0
get metadata from raw data
1635 events found
Events id: [225 226 228 230 232]
18339 events found
Events id: [  2   3   4   5   6   7   8  30  40  50  60  61  62  70  80  89  91 100
 101 111 112 113 150 151 255]
18339 events found
Events id: [  2   3   4   5   6   7   8  30  40  50  60  61  62  70  80  89  91 100
 101 111 112 113 150 151 255]
getting metadata from raw data form block 0
243 events found
Events id: [226 228]
2845 events found
Events id: [  2   3   4   5   6   7   8  30  40  50  60  61  62  70  80  89  91 100
 101 111 112 113 150 151]
metadata done, preprocesing 5.0
Reading 0 ... 795867  =      0.000 ...   663.222 secs...
Setting up band-pass filter from 1.1e+02 - 1.4e+02 Hz
The default output type is "ba" in 0.13 but will change to "sos" in 0.14
Reading 0 ... 795867  =      0.000 ...   663.222 secs...
Setting up low-pass filter at 1 Hz
h_trans_bandwidth chosen to be 2.0 Hz
Filter length of 3960 samples (3.300 sec) selected
Reading 0 ... 795867  =      0.000 ...   663.222 secs...
Setting up low-pass filter at 1 Hz
h_trans_bandwidth chosen to be 2.0 Hz
Filter length of 3960 samples (3.300 sec) selected
preprocess done
119 matching events found
No baseline correction applied
0 projection items activated
119 matching events found
No baseline correction applied
0 projection items activated
Loading data for 119 events and 601 original time points ...
9 bad epochs dropped
Loading data for 119 events and 3601 original time points ...
10 bad epochs dropped
Dropped 1 epoch
block 1.0 saved
getting metadata from raw data form block 1
244 events found
Events id: [226 228]
2847 events found
Events id: [  2   3   4   5   6   7   8  30  40  50  60  61  62  70  80  89  91 100
 101 111 112 113 150 151]
metadata done, preprocesing 5.0
Reading 0 ... 781239  =      0.000 ...   651.033 secs...
Setting up band-pass filter from 1.1e+02 - 1.4e+02 Hz
The default output type is "ba" in 0.13 but will change to "sos" in 0.14
Reading 0 ... 781239  =      0.000 ...   651.033 secs...
Setting up low-pass filter at 1 Hz
h_trans_bandwidth chosen to be 2.0 Hz
Filter length of 3960 samples (3.300 sec) selected
Reading 0 ... 781239  =      0.000 ...   651.033 secs...
Setting up low-pass filter at 1 Hz
h_trans_bandwidth chosen to be 2.0 Hz
Filter length of 3960 samples (3.300 sec) selected
preprocess done
119 matching events found
No baseline correction applied
0 projection items activated
119 matching events found
No baseline correction applied
0 projection items activated
Loading data for 119 events and 601 original time points ...
16 bad epochs dropped
Loading data for 119 events and 3601 original time points ...
17 bad epochs dropped
Dropped 3 epochs
block 2.0 saved
getting metadata from raw data form block 2
400 events found
Events id: [225 226 228 230 232]
4166 events found
Events id: [  2   3   4   5   6   7   8  30  40  50  60  61  62  70  80  89  91 100
 101 111 112 113 150 151]
metadata done, preprocesing 5.0
Reading 0 ... 1548141  =      0.000 ...  1290.118 secs...
Setting up band-pass filter from 1.1e+02 - 1.4e+02 Hz
The default output type is "ba" in 0.13 but will change to "sos" in 0.14
Reading 0 ... 1548141  =      0.000 ...  1290.118 secs...
Setting up low-pass filter at 1 Hz
h_trans_bandwidth chosen to be 2.0 Hz
Filter length of 3960 samples (3.300 sec) selected
Reading 0 ... 1548141  =      0.000 ...  1290.118 secs...
Setting up low-pass filter at 1 Hz
h_trans_bandwidth chosen to be 2.0 Hz
Filter length of 3960 samples (3.300 sec) selected
preprocess done
[7, 5, 3, 1, 20161103] already exist 753120161103 20161103 /mnt/homes/home024/gortega/megdata/S7-5_Attractor_20161103_01.ds
[7, 5, 3, 2, 20161103] already exist 753220161103 20161103 /mnt/homes/home024/gortega/megdata/S7-5_Attractor_20161103_01.ds
[7, 5, 3, 3, 20161103] already exist 753320161103 20161103 /mnt/homes/home024/gortega/megdata/S7-5_Attractor_20161103_01.ds
[7, 5, 3, 4, 20161103] already exist 753420161103 20161103 /mnt/homes/home024/gortega/megdata/S7-5_Attractor_20161103_01.ds
[7, 5, 3, 5, 20161103] already exist 753520161103 20161103 /mnt/homes/home024/gortega/megdata/S7-5_Attractor_20161103_01.ds
[7, 5, 3, 6, 20161103] already exist 753620161103 20161103 /mnt/homes/home024/gortega/megdata/S7-5_Attractor_20161103_01.ds
[7, 5, 3, 7, 20161103] already exist 753720161103 20161103 /mnt/homes/home024/gortega/megdata/S7-5_Attractor_20161103_01.ds
[7, 5, 3, 8, 20161103] already exist 753820161103 20161103 /mnt/homes/home024/gortega/megdata/S7-5_Attractor_20161103_01.ds
[7, 5, 3, 9, 20161103] already exist 753920161103 20161103 /mnt/homes/home024/gortega/megdata/S7-5_Attractor_20161103_01.ds
[7, 5, 3, 10, 20161103] already exist 7531020161103 20161103 /mnt/homes/home024/gortega/megdata/S7-5_Attractor_20161103_01.ds
[7, 5, 3, 11, 20161103] already exist 7531120161103 20161103 /mnt/homes/home024/gortega/megdata/S7-5_Attractor_20161103_01.ds
[7, 5, 3, 12, 20161103] already exist 7531220161103 20161103 /mnt/homes/home024/gortega/megdata/S7-5_Attractor_20161103_01.ds
[7, 5, 3, 13, 20161103] already exist 7531320161103 20161103 /mnt/homes/home024/gortega/megdata/S7-5_Attractor_20161103_01.ds
[7, 5, 3, 14, 20161103] already exist 7531420161103 20161103 /mnt/homes/home024/gortega/megdata/S7-5_Attractor_20161103_01.ds
[7, 5, 3, 15, 20161103] already exist 7531520161103 20161103 /mnt/homes/home024/gortega/megdata/S7-5_Attractor_20161103_01.ds
[7, 5, 3, 16, 20161103] already exist 7531620161103 20161103 /mnt/homes/home024/gortega/megdata/S7-5_Attractor_20161103_01.ds
[7, 5, 3, 17, 20161103] already exist 7531720161103 20161103 /mnt/homes/home024/gortega/megdata/S7-5_Attractor_20161103_01.ds
[7, 5, 3, 18, 20161103] already exist 7531820161103 20161103 /mnt/homes/home024/gortega/megdata/S7-5_Attractor_20161103_01.ds
[7, 5, 3, 19, 20161103] already exist 7531920161103 20161103 /mnt/homes/home024/gortega/megdata/S7-5_Attractor_20161103_01.ds
[7, 5, 3, 20, 20161103] already exist 7532020161103 20161103 /mnt/homes/home024/gortega/megdata/S7-5_Attractor_20161103_01.ds
[7, 5, 3, 21, 20161103] already exist 7532120161103 20161103 /mnt/homes/home024/gortega/megdata/S7-5_Attractor_20161103_01.ds
[7, 5, 3, 22, 20161103] already exist 7532220161103 20161103 /mnt/homes/home024/gortega/megdata/S7-5_Attractor_20161103_01.ds
[7, 5, 3, 23, 20161103] already exist 7532320161103 20161103 /mnt/homes/home024/gortega/megdata/S7-5_Attractor_20161103_01.ds
[7, 5, 3, 24, 20161103] already exist 7532420161103 20161103 /mnt/homes/home024/gortega/megdata/S7-5_Attractor_20161103_01.ds
[7, 5, 3, 25, 20161103] already exist 7532520161103 20161103 /mnt/homes/home024/gortega/megdata/S7-5_Attractor_20161103_01.ds
[7, 5, 3, 26, 20161103] already exist 7532620161103 20161103 /mnt/homes/home024/gortega/megdata/S7-5_Attractor_20161103_01.ds
[7, 5, 3, 27, 20161103] already exist 7532720161103 20161103 /mnt/homes/home024/gortega/megdata/S7-5_Attractor_20161103_01.ds
[7, 5, 3, 28, 20161103] already exist 7532820161103 20161103 /mnt/homes/home024/gortega/megdata/S7-5_Attractor_20161103_01.ds
[7, 5, 3, 29, 20161103] already exist 7532920161103 20161103 /mnt/homes/home024/gortega/megdata/S7-5_Attractor_20161103_01.ds
[7, 5, 3, 30, 20161103] already exist 7533020161103 20161103 /mnt/homes/home024/gortega/megdata/S7-5_Attractor_20161103_01.ds
[7, 5, 3, 31, 20161103] already exist 7533120161103 20161103 /mnt/homes/home024/gortega/megdata/S7-5_Attractor_20161103_01.ds
[7, 5, 3, 32, 20161103] already exist 7533220161103 20161103 /mnt/homes/home024/gortega/megdata/S7-5_Attractor_20161103_01.ds
[7, 5, 3, 33, 20161103] already exist 7533320161103 20161103 /mnt/homes/home024/gortega/megdata/S7-5_Attractor_20161103_01.ds
[7, 5, 3, 34, 20161103] already exist 7533420161103 20161103 /mnt/homes/home024/gortega/megdata/S7-5_Attractor_20161103_01.ds
[7, 5, 3, 35, 20161103] already exist 7533520161103 20161103 /mnt/homes/home024/gortega/megdata/S7-5_Attractor_20161103_01.ds
[7, 5, 3, 36, 20161103] already exist 7533620161103 20161103 /mnt/homes/home024/gortega/megdata/S7-5_Attractor_20161103_01.ds
[7, 5, 3, 37, 20161103] already exist 7533720161103 20161103 /mnt/homes/home024/gortega/megdata/S7-5_Attractor_20161103_01.ds
[7, 5, 3, 38, 20161103] already exist 7533820161103 20161103 /mnt/homes/home024/gortega/megdata/S7-5_Attractor_20161103_01.ds
[7, 5, 3, 39, 20161103] already exist 7533920161103 20161103 /mnt/homes/home024/gortega/megdata/S7-5_Attractor_20161103_01.ds
[7, 5, 3, 40, 20161103] already exist 7534020161103 20161103 /mnt/homes/home024/gortega/megdata/S7-5_Attractor_20161103_01.ds
[7, 5, 3, 41, 20161103] already exist 7534120161103 20161103 /mnt/homes/home024/gortega/megdata/S7-5_Attractor_20161103_01.ds
[7, 5, 3, 42, 20161103] already exist 7534220161103 20161103 /mnt/homes/home024/gortega/megdata/S7-5_Attractor_20161103_01.ds
[7, 5, 3, 43, 20161103] already exist 7534320161103 20161103 /mnt/homes/home024/gortega/megdata/S7-5_Attractor_20161103_01.ds
[7, 5, 3, 44, 20161103] already exist 7534420161103 20161103 /mnt/homes/home024/gortega/megdata/S7-5_Attractor_20161103_01.ds
[7, 5, 3, 45, 20161103] already exist 7534520161103 20161103 /mnt/homes/home024/gortega/megdata/S7-5_Attractor_20161103_01.ds
[7, 5, 3, 46, 20161103] already exist 7534620161103 20161103 /mnt/homes/home024/gortega/megdata/S7-5_Attractor_20161103_01.ds
[7, 5, 3, 47, 20161103] already exist 7534720161103 20161103 /mnt/homes/home024/gortega/megdata/S7-5_Attractor_20161103_01.ds
[7, 5, 3, 48, 20161103] already exist 7534820161103 20161103 /mnt/homes/home024/gortega/megdata/S7-5_Attractor_20161103_01.ds
[7, 5, 3, 49, 20161103] already exist 7534920161103 20161103 /mnt/homes/home024/gortega/megdata/S7-5_Attractor_20161103_01.ds
[7, 5, 3, 50, 20161103] already exist 7535020161103 20161103 /mnt/homes/home024/gortega/megdata/S7-5_Attractor_20161103_01.ds
[7, 5, 3, 51, 20161103] already exist 7535120161103 20161103 /mnt/homes/home024/gortega/megdata/S7-5_Attractor_20161103_01.ds
[7, 5, 3, 52, 20161103] already exist 7535220161103 20161103 /mnt/homes/home024/gortega/megdata/S7-5_Attractor_20161103_01.ds
[7, 5, 3, 53, 20161103] already exist 7535320161103 20161103 /mnt/homes/home024/gortega/megdata/S7-5_Attractor_20161103_01.ds
[7, 5, 3, 54, 20161103] already exist 7535420161103 20161103 /mnt/homes/home024/gortega/megdata/S7-5_Attractor_20161103_01.ds
[7, 5, 3, 55, 20161103] already exist 7535520161103 20161103 /mnt/homes/home024/gortega/megdata/S7-5_Attractor_20161103_01.ds
[7, 5, 3, 56, 20161103] already exist 7535620161103 20161103 /mnt/homes/home024/gortega/megdata/S7-5_Attractor_20161103_01.ds
[7, 5, 3, 57, 20161103] already exist 7535720161103 20161103 /mnt/homes/home024/gortega/megdata/S7-5_Attractor_20161103_01.ds
176 matching events found
No baseline correction applied
0 projection items activated
176 matching events found
No baseline correction applied
0 projection items activated
Loading data for 176 events and 601 original time points ...
23 bad epochs dropped
Loading data for 176 events and 3601 original time points ...
26 bad epochs dropped
Dropped 3 epochs
block 3.0 saved
getting metadata from raw data form block 3
638 events found
Events id: [226 232]
7205 events found
Events id: [  2   3   4   5   6   7   8  30  40  50  60  61  62  70  80  89  91 100
 101 111 112 113 150 151 255]
metadata done, preprocesing 5.0
Reading 0 ... 2611156  =      0.000 ...  2175.963 secs...
Setting up band-pass filter from 1.1e+02 - 1.4e+02 Hz
The default output type is "ba" in 0.13 but will change to "sos" in 0.14
Reading 0 ... 2611156  =      0.000 ...  2175.963 secs...
Setting up low-pass filter at 1 Hz
h_trans_bandwidth chosen to be 2.0 Hz
Filter length of 3960 samples (3.300 sec) selected
Reading 0 ... 2611156  =      0.000 ...  2175.963 secs...
Setting up low-pass filter at 1 Hz
h_trans_bandwidth chosen to be 2.0 Hz
Filter length of 3960 samples (3.300 sec) selected
preprocess done
[7, 5, 4, 1, 20161103] already exist 754120161103 20161103 /mnt/homes/home024/gortega/megdata/S7-5_Attractor_20161103_01.ds
[7, 5, 4, 2, 20161103] already exist 754220161103 20161103 /mnt/homes/home024/gortega/megdata/S7-5_Attractor_20161103_01.ds
[7, 5, 4, 3, 20161103] already exist 754320161103 20161103 /mnt/homes/home024/gortega/megdata/S7-5_Attractor_20161103_01.ds
[7, 5, 4, 4, 20161103] already exist 754420161103 20161103 /mnt/homes/home024/gortega/megdata/S7-5_Attractor_20161103_01.ds
[7, 5, 4, 5, 20161103] already exist 754520161103 20161103 /mnt/homes/home024/gortega/megdata/S7-5_Attractor_20161103_01.ds
[7, 5, 4, 6, 20161103] already exist 754620161103 20161103 /mnt/homes/home024/gortega/megdata/S7-5_Attractor_20161103_01.ds
[7, 5, 4, 7, 20161103] already exist 754720161103 20161103 /mnt/homes/home024/gortega/megdata/S7-5_Attractor_20161103_01.ds
[7, 5, 4, 8, 20161103] already exist 754820161103 20161103 /mnt/homes/home024/gortega/megdata/S7-5_Attractor_20161103_01.ds
[7, 5, 4, 9, 20161103] already exist 754920161103 20161103 /mnt/homes/home024/gortega/megdata/S7-5_Attractor_20161103_01.ds
[7, 5, 4, 10, 20161103] already exist 7541020161103 20161103 /mnt/homes/home024/gortega/megdata/S7-5_Attractor_20161103_01.ds
[7, 5, 4, 11, 20161103] already exist 7541120161103 20161103 /mnt/homes/home024/gortega/megdata/S7-5_Attractor_20161103_01.ds
[7, 5, 4, 12, 20161103] already exist 7541220161103 20161103 /mnt/homes/home024/gortega/megdata/S7-5_Attractor_20161103_01.ds
[7, 5, 4, 13, 20161103] already exist 7541320161103 20161103 /mnt/homes/home024/gortega/megdata/S7-5_Attractor_20161103_01.ds
[7, 5, 4, 14, 20161103] already exist 7541420161103 20161103 /mnt/homes/home024/gortega/megdata/S7-5_Attractor_20161103_01.ds
[7, 5, 4, 15, 20161103] already exist 7541520161103 20161103 /mnt/homes/home024/gortega/megdata/S7-5_Attractor_20161103_01.ds
[7, 5, 4, 16, 20161103] already exist 7541620161103 20161103 /mnt/homes/home024/gortega/megdata/S7-5_Attractor_20161103_01.ds
[7, 5, 4, 17, 20161103] already exist 7541720161103 20161103 /mnt/homes/home024/gortega/megdata/S7-5_Attractor_20161103_01.ds
[7, 5, 4, 18, 20161103] already exist 7541820161103 20161103 /mnt/homes/home024/gortega/megdata/S7-5_Attractor_20161103_01.ds
[7, 5, 4, 19, 20161103] already exist 7541920161103 20161103 /mnt/homes/home024/gortega/megdata/S7-5_Attractor_20161103_01.ds
[7, 5, 4, 20, 20161103] already exist 7542020161103 20161103 /mnt/homes/home024/gortega/megdata/S7-5_Attractor_20161103_01.ds
[7, 5, 4, 21, 20161103] already exist 7542120161103 20161103 /mnt/homes/home024/gortega/megdata/S7-5_Attractor_20161103_01.ds
[7, 5, 4, 22, 20161103] already exist 7542220161103 20161103 /mnt/homes/home024/gortega/megdata/S7-5_Attractor_20161103_01.ds
[7, 5, 4, 23, 20161103] already exist 7542320161103 20161103 /mnt/homes/home024/gortega/megdata/S7-5_Attractor_20161103_01.ds
[7, 5, 4, 24, 20161103] already exist 7542420161103 20161103 /mnt/homes/home024/gortega/megdata/S7-5_Attractor_20161103_01.ds
[7, 5, 4, 25, 20161103] already exist 7542520161103 20161103 /mnt/homes/home024/gortega/megdata/S7-5_Attractor_20161103_01.ds
[7, 5, 4, 26, 20161103] already exist 7542620161103 20161103 /mnt/homes/home024/gortega/megdata/S7-5_Attractor_20161103_01.ds
[7, 5, 4, 27, 20161103] already exist 7542720161103 20161103 /mnt/homes/home024/gortega/megdata/S7-5_Attractor_20161103_01.ds
[7, 5, 4, 28, 20161103] already exist 7542820161103 20161103 /mnt/homes/home024/gortega/megdata/S7-5_Attractor_20161103_01.ds
[7, 5, 4, 29, 20161103] already exist 7542920161103 20161103 /mnt/homes/home024/gortega/megdata/S7-5_Attractor_20161103_01.ds
[7, 5, 4, 30, 20161103] already exist 7543020161103 20161103 /mnt/homes/home024/gortega/megdata/S7-5_Attractor_20161103_01.ds
[7, 5, 4, 31, 20161103] already exist 7543120161103 20161103 /mnt/homes/home024/gortega/megdata/S7-5_Attractor_20161103_01.ds
[7, 5, 4, 32, 20161103] already exist 7543220161103 20161103 /mnt/homes/home024/gortega/megdata/S7-5_Attractor_20161103_01.ds
[7, 5, 4, 33, 20161103] already exist 7543320161103 20161103 /mnt/homes/home024/gortega/megdata/S7-5_Attractor_20161103_01.ds
[7, 5, 4, 34, 20161103] already exist 7543420161103 20161103 /mnt/homes/home024/gortega/megdata/S7-5_Attractor_20161103_01.ds
[7, 5, 4, 35, 20161103] already exist 7543520161103 20161103 /mnt/homes/home024/gortega/megdata/S7-5_Attractor_20161103_01.ds
[7, 5, 4, 36, 20161103] already exist 7543620161103 20161103 /mnt/homes/home024/gortega/megdata/S7-5_Attractor_20161103_01.ds
[7, 5, 4, 37, 20161103] already exist 7543720161103 20161103 /mnt/homes/home024/gortega/megdata/S7-5_Attractor_20161103_01.ds
[7, 5, 4, 38, 20161103] already exist 7543820161103 20161103 /mnt/homes/home024/gortega/megdata/S7-5_Attractor_20161103_01.ds
[7, 5, 4, 39, 20161103] already exist 7543920161103 20161103 /mnt/homes/home024/gortega/megdata/S7-5_Attractor_20161103_01.ds
[7, 5, 4, 40, 20161103] already exist 7544020161103 20161103 /mnt/homes/home024/gortega/megdata/S7-5_Attractor_20161103_01.ds
[7, 5, 4, 41, 20161103] already exist 7544120161103 20161103 /mnt/homes/home024/gortega/megdata/S7-5_Attractor_20161103_01.ds
[7, 5, 4, 42, 20161103] already exist 7544220161103 20161103 /mnt/homes/home024/gortega/megdata/S7-5_Attractor_20161103_01.ds
[7, 5, 4, 43, 20161103] already exist 7544320161103 20161103 /mnt/homes/home024/gortega/megdata/S7-5_Attractor_20161103_01.ds
[7, 5, 4, 44, 20161103] already exist 7544420161103 20161103 /mnt/homes/home024/gortega/megdata/S7-5_Attractor_20161103_01.ds
[7, 5, 4, 45, 20161103] already exist 7544520161103 20161103 /mnt/homes/home024/gortega/megdata/S7-5_Attractor_20161103_01.ds
[7, 5, 4, 46, 20161103] already exist 7544620161103 20161103 /mnt/homes/home024/gortega/megdata/S7-5_Attractor_20161103_01.ds
[7, 5, 4, 47, 20161103] already exist 7544720161103 20161103 /mnt/homes/home024/gortega/megdata/S7-5_Attractor_20161103_01.ds
[7, 5, 4, 48, 20161103] already exist 7544820161103 20161103 /mnt/homes/home024/gortega/megdata/S7-5_Attractor_20161103_01.ds
[7, 5, 4, 49, 20161103] already exist 7544920161103 20161103 /mnt/homes/home024/gortega/megdata/S7-5_Attractor_20161103_01.ds
[7, 5, 4, 50, 20161103] already exist 7545020161103 20161103 /mnt/homes/home024/gortega/megdata/S7-5_Attractor_20161103_01.ds
[7, 5, 4, 51, 20161103] already exist 7545120161103 20161103 /mnt/homes/home024/gortega/megdata/S7-5_Attractor_20161103_01.ds
[7, 5, 4, 52, 20161103] already exist 7545220161103 20161103 /mnt/homes/home024/gortega/megdata/S7-5_Attractor_20161103_01.ds
[7, 5, 4, 53, 20161103] already exist 7545320161103 20161103 /mnt/homes/home024/gortega/megdata/S7-5_Attractor_20161103_01.ds
[7, 5, 4, 54, 20161103] already exist 7545420161103 20161103 /mnt/homes/home024/gortega/megdata/S7-5_Attractor_20161103_01.ds
[7, 5, 4, 55, 20161103] already exist 7545520161103 20161103 /mnt/homes/home024/gortega/megdata/S7-5_Attractor_20161103_01.ds
[7, 5, 4, 56, 20161103] already exist 7545620161103 20161103 /mnt/homes/home024/gortega/megdata/S7-5_Attractor_20161103_01.ds
[7, 5, 4, 57, 20161103] already exist 7545720161103 20161103 /mnt/homes/home024/gortega/megdata/S7-5_Attractor_20161103_01.ds
[7, 5, 4, 58, 20161103] already exist 7545820161103 20161103 /mnt/homes/home024/gortega/megdata/S7-5_Attractor_20161103_01.ds
[7, 5, 4, 59, 20161103] already exist 7545920161103 20161103 /mnt/homes/home024/gortega/megdata/S7-5_Attractor_20161103_01.ds
[7, 5, 4, 60, 20161103] already exist 7546020161103 20161103 /mnt/homes/home024/gortega/megdata/S7-5_Attractor_20161103_01.ds
[7, 5, 4, 61, 20161103] already exist 7546120161103 20161103 /mnt/homes/home024/gortega/megdata/S7-5_Attractor_20161103_01.ds
[7, 5, 4, 62, 20161103] already exist 7546220161103 20161103 /mnt/homes/home024/gortega/megdata/S7-5_Attractor_20161103_01.ds
[7, 5, 4, 63, 20161103] already exist 7546320161103 20161103 /mnt/homes/home024/gortega/megdata/S7-5_Attractor_20161103_01.ds
[7, 5, 4, 64, 20161103] already exist 7546420161103 20161103 /mnt/homes/home024/gortega/megdata/S7-5_Attractor_20161103_01.ds
[7, 5, 4, 65, 20161103] already exist 7546520161103 20161103 /mnt/homes/home024/gortega/megdata/S7-5_Attractor_20161103_01.ds
[7, 5, 4, 66, 20161103] already exist 7546620161103 20161103 /mnt/homes/home024/gortega/megdata/S7-5_Attractor_20161103_01.ds
[7, 5, 4, 1, 20161103] already exist 754120161103 20161103 /mnt/homes/home024/gortega/megdata/S7-5_Attractor_20161103_01.ds
[7, 5, 4, 2, 20161103] already exist 754220161103 20161103 /mnt/homes/home024/gortega/megdata/S7-5_Attractor_20161103_01.ds
[7, 5, 4, 3, 20161103] already exist 754320161103 20161103 /mnt/homes/home024/gortega/megdata/S7-5_Attractor_20161103_01.ds
[7, 5, 4, 4, 20161103] already exist 754420161103 20161103 /mnt/homes/home024/gortega/megdata/S7-5_Attractor_20161103_01.ds
[7, 5, 4, 5, 20161103] already exist 754520161103 20161103 /mnt/homes/home024/gortega/megdata/S7-5_Attractor_20161103_01.ds
[7, 5, 4, 6, 20161103] already exist 754620161103 20161103 /mnt/homes/home024/gortega/megdata/S7-5_Attractor_20161103_01.ds
[7, 5, 4, 7, 20161103] already exist 754720161103 20161103 /mnt/homes/home024/gortega/megdata/S7-5_Attractor_20161103_01.ds
[7, 5, 4, 8, 20161103] already exist 754820161103 20161103 /mnt/homes/home024/gortega/megdata/S7-5_Attractor_20161103_01.ds
[7, 5, 4, 9, 20161103] already exist 754920161103 20161103 /mnt/homes/home024/gortega/megdata/S7-5_Attractor_20161103_01.ds
[7, 5, 4, 10, 20161103] already exist 7541020161103 20161103 /mnt/homes/home024/gortega/megdata/S7-5_Attractor_20161103_01.ds
[7, 5, 4, 11, 20161103] already exist 7541120161103 20161103 /mnt/homes/home024/gortega/megdata/S7-5_Attractor_20161103_01.ds
[7, 5, 4, 12, 20161103] already exist 7541220161103 20161103 /mnt/homes/home024/gortega/megdata/S7-5_Attractor_20161103_01.ds
[7, 5, 4, 13, 20161103] already exist 7541320161103 20161103 /mnt/homes/home024/gortega/megdata/S7-5_Attractor_20161103_01.ds
[7, 5, 4, 14, 20161103] already exist 7541420161103 20161103 /mnt/homes/home024/gortega/megdata/S7-5_Attractor_20161103_01.ds
[7, 5, 4, 15, 20161103] already exist 7541520161103 20161103 /mnt/homes/home024/gortega/megdata/S7-5_Attractor_20161103_01.ds
[7, 5, 4, 16, 20161103] already exist 7541620161103 20161103 /mnt/homes/home024/gortega/megdata/S7-5_Attractor_20161103_01.ds
[7, 5, 4, 17, 20161103] already exist 7541720161103 20161103 /mnt/homes/home024/gortega/megdata/S7-5_Attractor_20161103_01.ds
[7, 5, 4, 18, 20161103] already exist 7541820161103 20161103 /mnt/homes/home024/gortega/megdata/S7-5_Attractor_20161103_01.ds
[7, 5, 4, 19, 20161103] already exist 7541920161103 20161103 /mnt/homes/home024/gortega/megdata/S7-5_Attractor_20161103_01.ds
[7, 5, 4, 20, 20161103] already exist 7542020161103 20161103 /mnt/homes/home024/gortega/megdata/S7-5_Attractor_20161103_01.ds
[7, 5, 4, 21, 20161103] already exist 7542120161103 20161103 /mnt/homes/home024/gortega/megdata/S7-5_Attractor_20161103_01.ds
[7, 5, 4, 22, 20161103] already exist 7542220161103 20161103 /mnt/homes/home024/gortega/megdata/S7-5_Attractor_20161103_01.ds
[7, 5, 4, 23, 20161103] already exist 7542320161103 20161103 /mnt/homes/home024/gortega/megdata/S7-5_Attractor_20161103_01.ds
[7, 5, 4, 24, 20161103] already exist 7542420161103 20161103 /mnt/homes/home024/gortega/megdata/S7-5_Attractor_20161103_01.ds
[7, 5, 4, 25, 20161103] already exist 7542520161103 20161103 /mnt/homes/home024/gortega/megdata/S7-5_Attractor_20161103_01.ds
[7, 5, 4, 26, 20161103] already exist 7542620161103 20161103 /mnt/homes/home024/gortega/megdata/S7-5_Attractor_20161103_01.ds
[7, 5, 4, 27, 20161103] already exist 7542720161103 20161103 /mnt/homes/home024/gortega/megdata/S7-5_Attractor_20161103_01.ds
[7, 5, 4, 28, 20161103] already exist 7542820161103 20161103 /mnt/homes/home024/gortega/megdata/S7-5_Attractor_20161103_01.ds
[7, 5, 4, 29, 20161103] already exist 7542920161103 20161103 /mnt/homes/home024/gortega/megdata/S7-5_Attractor_20161103_01.ds
[7, 5, 4, 30, 20161103] already exist 7543020161103 20161103 /mnt/homes/home024/gortega/megdata/S7-5_Attractor_20161103_01.ds
[7, 5, 4, 31, 20161103] already exist 7543120161103 20161103 /mnt/homes/home024/gortega/megdata/S7-5_Attractor_20161103_01.ds
[7, 5, 4, 32, 20161103] already exist 7543220161103 20161103 /mnt/homes/home024/gortega/megdata/S7-5_Attractor_20161103_01.ds
[7, 5, 4, 33, 20161103] already exist 7543320161103 20161103 /mnt/homes/home024/gortega/megdata/S7-5_Attractor_20161103_01.ds
[7, 5, 4, 34, 20161103] already exist 7543420161103 20161103 /mnt/homes/home024/gortega/megdata/S7-5_Attractor_20161103_01.ds
[7, 5, 4, 35, 20161103] already exist 7543520161103 20161103 /mnt/homes/home024/gortega/megdata/S7-5_Attractor_20161103_01.ds
[7, 5, 4, 36, 20161103] already exist 7543620161103 20161103 /mnt/homes/home024/gortega/megdata/S7-5_Attractor_20161103_01.ds
[7, 5, 4, 37, 20161103] already exist 7543720161103 20161103 /mnt/homes/home024/gortega/megdata/S7-5_Attractor_20161103_01.ds
[7, 5, 4, 38, 20161103] already exist 7543820161103 20161103 /mnt/homes/home024/gortega/megdata/S7-5_Attractor_20161103_01.ds
[7, 5, 4, 39, 20161103] already exist 7543920161103 20161103 /mnt/homes/home024/gortega/megdata/S7-5_Attractor_20161103_01.ds
[7, 5, 4, 40, 20161103] already exist 7544020161103 20161103 /mnt/homes/home024/gortega/megdata/S7-5_Attractor_20161103_01.ds
[7, 5, 4, 41, 20161103] already exist 7544120161103 20161103 /mnt/homes/home024/gortega/megdata/S7-5_Attractor_20161103_01.ds
[7, 5, 4, 42, 20161103] already exist 7544220161103 20161103 /mnt/homes/home024/gortega/megdata/S7-5_Attractor_20161103_01.ds
[7, 5, 4, 43, 20161103] already exist 7544320161103 20161103 /mnt/homes/home024/gortega/megdata/S7-5_Attractor_20161103_01.ds
[7, 5, 4, 44, 20161103] already exist 7544420161103 20161103 /mnt/homes/home024/gortega/megdata/S7-5_Attractor_20161103_01.ds
[7, 5, 4, 45, 20161103] already exist 7544520161103 20161103 /mnt/homes/home024/gortega/megdata/S7-5_Attractor_20161103_01.ds
[7, 5, 4, 46, 20161103] already exist 7544620161103 20161103 /mnt/homes/home024/gortega/megdata/S7-5_Attractor_20161103_01.ds
[7, 5, 4, 47, 20161103] already exist 7544720161103 20161103 /mnt/homes/home024/gortega/megdata/S7-5_Attractor_20161103_01.ds
[7, 5, 4, 48, 20161103] already exist 7544820161103 20161103 /mnt/homes/home024/gortega/megdata/S7-5_Attractor_20161103_01.ds
[7, 5, 4, 49, 20161103] already exist 7544920161103 20161103 /mnt/homes/home024/gortega/megdata/S7-5_Attractor_20161103_01.ds
[7, 5, 4, 50, 20161103] already exist 7545020161103 20161103 /mnt/homes/home024/gortega/megdata/S7-5_Attractor_20161103_01.ds
[7, 5, 4, 51, 20161103] already exist 7545120161103 20161103 /mnt/homes/home024/gortega/megdata/S7-5_Attractor_20161103_01.ds
[7, 5, 4, 52, 20161103] already exist 7545220161103 20161103 /mnt/homes/home024/gortega/megdata/S7-5_Attractor_20161103_01.ds
[7, 5, 4, 53, 20161103] already exist 7545320161103 20161103 /mnt/homes/home024/gortega/megdata/S7-5_Attractor_20161103_01.ds
[7, 5, 4, 54, 20161103] already exist 7545420161103 20161103 /mnt/homes/home024/gortega/megdata/S7-5_Attractor_20161103_01.ds
[7, 5, 4, 55, 20161103] already exist 7545520161103 20161103 /mnt/homes/home024/gortega/megdata/S7-5_Attractor_20161103_01.ds
[7, 5, 4, 56, 20161103] already exist 7545620161103 20161103 /mnt/homes/home024/gortega/megdata/S7-5_Attractor_20161103_01.ds
[7, 5, 4, 57, 20161103] already exist 7545720161103 20161103 /mnt/homes/home024/gortega/megdata/S7-5_Attractor_20161103_01.ds
[7, 5, 4, 58, 20161103] already exist 7545820161103 20161103 /mnt/homes/home024/gortega/megdata/S7-5_Attractor_20161103_01.ds
[7, 5, 4, 59, 20161103] already exist 7545920161103 20161103 /mnt/homes/home024/gortega/megdata/S7-5_Attractor_20161103_01.ds
[7, 5, 4, 60, 20161103] already exist 7546020161103 20161103 /mnt/homes/home024/gortega/megdata/S7-5_Attractor_20161103_01.ds
[7, 5, 4, 61, 20161103] already exist 7546120161103 20161103 /mnt/homes/home024/gortega/megdata/S7-5_Attractor_20161103_01.ds
[7, 5, 4, 62, 20161103] already exist 7546220161103 20161103 /mnt/homes/home024/gortega/megdata/S7-5_Attractor_20161103_01.ds
[7, 5, 4, 63, 20161103] already exist 7546320161103 20161103 /mnt/homes/home024/gortega/megdata/S7-5_Attractor_20161103_01.ds
[7, 5, 4, 64, 20161103] already exist 7546420161103 20161103 /mnt/homes/home024/gortega/megdata/S7-5_Attractor_20161103_01.ds
[7, 5, 4, 65, 20161103] already exist 7546520161103 20161103 /mnt/homes/home024/gortega/megdata/S7-5_Attractor_20161103_01.ds
[7, 5, 4, 66, 20161103] already exist 7546620161103 20161103 /mnt/homes/home024/gortega/megdata/S7-5_Attractor_20161103_01.ds
[7, 5, 4, 67, 20161103] already exist 7546720161103 20161103 /mnt/homes/home024/gortega/megdata/S7-5_Attractor_20161103_01.ds
[7, 5, 4, 68, 20161103] already exist 7546820161103 20161103 /mnt/homes/home024/gortega/megdata/S7-5_Attractor_20161103_01.ds
[7, 5, 4, 69, 20161103] already exist 7546920161103 20161103 /mnt/homes/home024/gortega/megdata/S7-5_Attractor_20161103_01.ds
[7, 5, 4, 70, 20161103] already exist 7547020161103 20161103 /mnt/homes/home024/gortega/megdata/S7-5_Attractor_20161103_01.ds
[7, 5, 4, 71, 20161103] already exist 7547120161103 20161103 /mnt/homes/home024/gortega/megdata/S7-5_Attractor_20161103_01.ds
[7, 5, 4, 72, 20161103] already exist 7547220161103 20161103 /mnt/homes/home024/gortega/megdata/S7-5_Attractor_20161103_01.ds
[7, 5, 4, 73, 20161103] already exist 7547320161103 20161103 /mnt/homes/home024/gortega/megdata/S7-5_Attractor_20161103_01.ds
[7, 5, 4, 74, 20161103] already exist 7547420161103 20161103 /mnt/homes/home024/gortega/megdata/S7-5_Attractor_20161103_01.ds
[7, 5, 4, 75, 20161103] already exist 7547520161103 20161103 /mnt/homes/home024/gortega/megdata/S7-5_Attractor_20161103_01.ds
[7, 5, 4, 76, 20161103] already exist 7547620161103 20161103 /mnt/homes/home024/gortega/megdata/S7-5_Attractor_20161103_01.ds
[7, 5, 4, 77, 20161103] already exist 7547720161103 20161103 /mnt/homes/home024/gortega/megdata/S7-5_Attractor_20161103_01.ds
[7, 5, 4, 78, 20161103] already exist 7547820161103 20161103 /mnt/homes/home024/gortega/megdata/S7-5_Attractor_20161103_01.ds
[7, 5, 4, 79, 20161103] already exist 7547920161103 20161103 /mnt/homes/home024/gortega/megdata/S7-5_Attractor_20161103_01.ds
[7, 5, 4, 80, 20161103] already exist 7548020161103 20161103 /mnt/homes/home024/gortega/megdata/S7-5_Attractor_20161103_01.ds
[7, 5, 4, 81, 20161103] already exist 7548120161103 20161103 /mnt/homes/home024/gortega/megdata/S7-5_Attractor_20161103_01.ds
[7, 5, 4, 82, 20161103] already exist 7548220161103 20161103 /mnt/homes/home024/gortega/megdata/S7-5_Attractor_20161103_01.ds
[7, 5, 4, 83, 20161103] already exist 7548320161103 20161103 /mnt/homes/home024/gortega/megdata/S7-5_Attractor_20161103_01.ds
[7, 5, 4, 84, 20161103] already exist 7548420161103 20161103 /mnt/homes/home024/gortega/megdata/S7-5_Attractor_20161103_01.ds
[7, 5, 4, 85, 20161103] already exist 7548520161103 20161103 /mnt/homes/home024/gortega/megdata/S7-5_Attractor_20161103_01.ds
[7, 5, 4, 86, 20161103] already exist 7548620161103 20161103 /mnt/homes/home024/gortega/megdata/S7-5_Attractor_20161103_01.ds
[7, 5, 4, 87, 20161103] already exist 7548720161103 20161103 /mnt/homes/home024/gortega/megdata/S7-5_Attractor_20161103_01.ds
[7, 5, 4, 88, 20161103] already exist 7548820161103 20161103 /mnt/homes/home024/gortega/megdata/S7-5_Attractor_20161103_01.ds
[7, 5, 4, 89, 20161103] already exist 7548920161103 20161103 /mnt/homes/home024/gortega/megdata/S7-5_Attractor_20161103_01.ds
[7, 5, 4, 90, 20161103] already exist 7549020161103 20161103 /mnt/homes/home024/gortega/megdata/S7-5_Attractor_20161103_01.ds
[7, 5, 4, 91, 20161103] already exist 7549120161103 20161103 /mnt/homes/home024/gortega/megdata/S7-5_Attractor_20161103_01.ds
[7, 5, 4, 92, 20161103] already exist 7549220161103 20161103 /mnt/homes/home024/gortega/megdata/S7-5_Attractor_20161103_01.ds
[7, 5, 4, 93, 20161103] already exist 7549320161103 20161103 /mnt/homes/home024/gortega/megdata/S7-5_Attractor_20161103_01.ds
[7, 5, 4, 94, 20161103] already exist 7549420161103 20161103 /mnt/homes/home024/gortega/megdata/S7-5_Attractor_20161103_01.ds
[7, 5, 4, 95, 20161103] already exist 7549520161103 20161103 /mnt/homes/home024/gortega/megdata/S7-5_Attractor_20161103_01.ds
[7, 5, 4, 96, 20161103] already exist 7549620161103 20161103 /mnt/homes/home024/gortega/megdata/S7-5_Attractor_20161103_01.ds
[7, 5, 4, 97, 20161103] already exist 7549720161103 20161103 /mnt/homes/home024/gortega/megdata/S7-5_Attractor_20161103_01.ds
[7, 5, 4, 98, 20161103] already exist 7549820161103 20161103 /mnt/homes/home024/gortega/megdata/S7-5_Attractor_20161103_01.ds
[7, 5, 4, 99, 20161103] already exist 7549920161103 20161103 /mnt/homes/home024/gortega/megdata/S7-5_Attractor_20161103_01.ds
[7, 5, 4, 100, 20161103] already exist 75410020161103 20161103 /mnt/homes/home024/gortega/megdata/S7-5_Attractor_20161103_01.ds
[7, 5, 4, 101, 20161103] already exist 75410120161103 20161103 /mnt/homes/home024/gortega/megdata/S7-5_Attractor_20161103_01.ds
[7, 5, 4, 102, 20161103] already exist 75410220161103 20161103 /mnt/homes/home024/gortega/megdata/S7-5_Attractor_20161103_01.ds
[7, 5, 4, 103, 20161103] already exist 75410320161103 20161103 /mnt/homes/home024/gortega/megdata/S7-5_Attractor_20161103_01.ds
[7, 5, 4, 104, 20161103] already exist 75410420161103 20161103 /mnt/homes/home024/gortega/megdata/S7-5_Attractor_20161103_01.ds
[7, 5, 4, 105, 20161103] already exist 75410520161103 20161103 /mnt/homes/home024/gortega/megdata/S7-5_Attractor_20161103_01.ds
[7, 5, 4, 106, 20161103] already exist 75410620161103 20161103 /mnt/homes/home024/gortega/megdata/S7-5_Attractor_20161103_01.ds
[7, 5, 4, 107, 20161103] already exist 75410720161103 20161103 /mnt/homes/home024/gortega/megdata/S7-5_Attractor_20161103_01.ds
[7, 5, 4, 108, 20161103] already exist 75410820161103 20161103 /mnt/homes/home024/gortega/megdata/S7-5_Attractor_20161103_01.ds
[7, 5, 4, 109, 20161103] already exist 75410920161103 20161103 /mnt/homes/home024/gortega/megdata/S7-5_Attractor_20161103_01.ds
[7, 5, 4, 110, 20161103] already exist 75411020161103 20161103 /mnt/homes/home024/gortega/megdata/S7-5_Attractor_20161103_01.ds
[7, 5, 4, 111, 20161103] already exist 75411120161103 20161103 /mnt/homes/home024/gortega/megdata/S7-5_Attractor_20161103_01.ds
[7, 5, 4, 112, 20161103] already exist 75411220161103 20161103 /mnt/homes/home024/gortega/megdata/S7-5_Attractor_20161103_01.ds
[7, 5, 4, 113, 20161103] already exist 75411320161103 20161103 /mnt/homes/home024/gortega/megdata/S7-5_Attractor_20161103_01.ds
[7, 5, 4, 114, 20161103] already exist 75411420161103 20161103 /mnt/homes/home024/gortega/megdata/S7-5_Attractor_20161103_01.ds
[7, 5, 4, 115, 20161103] already exist 75411520161103 20161103 /mnt/homes/home024/gortega/megdata/S7-5_Attractor_20161103_01.ds
[7, 5, 4, 116, 20161103] already exist 75411620161103 20161103 /mnt/homes/home024/gortega/megdata/S7-5_Attractor_20161103_01.ds
[7, 5, 4, 117, 20161103] already exist 75411720161103 20161103 /mnt/homes/home024/gortega/megdata/S7-5_Attractor_20161103_01.ds
[7, 5, 4, 118, 20161103] already exist 75411820161103 20161103 /mnt/homes/home024/gortega/megdata/S7-5_Attractor_20161103_01.ds
[7, 5, 4, 119, 20161103] already exist 75411920161103 20161103 /mnt/homes/home024/gortega/megdata/S7-5_Attractor_20161103_01.ds
[7, 5, 4, 120, 20161103] already exist 75412020161103 20161103 /mnt/homes/home024/gortega/megdata/S7-5_Attractor_20161103_01.ds
305 matching events found
No baseline correction applied
0 projection items activated
305 matching events found
No baseline correction applied
0 projection items activated
Loading data for 305 events and 601 original time points ...
43 bad epochs dropped
Loading data for 305 events and 3601 original time points ...
37 bad epochs dropped
Dropped 11 epochs
block 4.0 saved
getting metadata from raw data form block 4
636 events found
Events id: [226 232]
7184 events found
Events id: [  2   3   4   5   6   7   8  30  40  50  60  61  62  70  80  89  91 100
 101 111 112 113 150 151 255]
metadata done, preprocesing 5.0
Reading 0 ... 2631814  =      0.000 ...  2193.178 secs...
Setting up band-pass filter from 1.1e+02 - 1.4e+02 Hz
The default output type is "ba" in 0.13 but will change to "sos" in 0.14
Reading 0 ... 2631814  =      0.000 ...  2193.178 secs...
Setting up low-pass filter at 1 Hz
h_trans_bandwidth chosen to be 2.0 Hz
Filter length of 3960 samples (3.300 sec) selected
